42.2366 	WARNING 	User requested fullscreen with size [1536  864], but screen is actually [1920, 1080]. Using actual size
43.3659 	EXP 	Created window1 = Window(allowGUI=False, allowStencil=False, args=UNKNOWN, autoLog=True, bitsMode=UNKNOWN, blendMode='avg', color=array([0., 0., 0.]), colorSpace='rgb', fullscr=<method-wrapper '__getattribute__' of attributeSetter object at 0x0000011F03102828>, gamma=None, kwargs=UNKNOWN, lms=UNKNOWN, monitor=<psychopy.monitors.calibTools.Monitor object at 0x0000011F03050898>, multiSample=False, name='window1', numSamples=2, pos=[0.0, 0.0], screen=0, size=array([1920, 1080]), stereo=False, units='norm', useFBO=True, useRetina=False, viewOri=0.0, viewPos=None, viewScale=None, waitBlanking=True, winType='pyglet')
43.3660 	EXP 	window1: recordFrameIntervals = False
43.5319 	EXP 	window1: recordFrameIntervals = True
43.7150 	EXP 	window1: recordFrameIntervals = False
44.0470 	EXP 	Created intro_text = TextStim(__class__=<class 'psychopy.visual.text.TextStim'>, alignHoriz='center', alignVert='center', antialias=True, autoLog=True, bold=False, color='white', colorSpace='named', contrast=1.0, depth=0.0, flipHoriz=False, flipVert=False, font='Arial', fontFiles=[], height=0.1, italic=False, languageStyle='LTR', name='intro_text', opacity=1.0, ori=0, pos=array([0., 0.]), rgb=array([255., 255., 255.]), text='Stroop Colored Word Task', units='norm', win=Window(...), wrapWidth=1)
44.1222 	EXP 	Created text = TextStim(__class__=<class 'psychopy.visual.text.TextStim'>, alignHoriz='center', alignVert='center', antialias=True, autoLog=True, bold=False, color='white', colorSpace='named', contrast=1.0, depth=0.0, flipHoriz=False, flipVert=False, font='Arial', fontFiles=[], height=0.1, italic=False, languageStyle='LTR', name='text', opacity=1.0, ori=0, pos=array([0., 0.]), rgb=array([255., 255., 255.]), text=str(...), units='norm', win=Window(...), wrapWidth=1)
44.1460 	EXP 	Created ready_text = TextStim(__class__=<class 'psychopy.visual.text.TextStim'>, alignHoriz='center', alignVert='center', antialias=True, autoLog=True, bold=False, color='white', colorSpace='named', contrast=1.0, depth=0.0, flipHoriz=False, flipVert=False, font='Arial', fontFiles=[], height=0.1, italic=False, languageStyle='LTR', name='ready_text', opacity=1.0, ori=0, pos=array([0., 0.]), rgb=array([255., 255., 255.]), text='Are you ready ?\n\nYou have 3s for each word', units='norm', win=Window(...), wrapWidth=1)
44.1533 	EXP 	Created trial_text = TextStim(__class__=<class 'psychopy.visual.text.TextStim'>, alignHoriz='center', alignVert='center', antialias=True, autoLog=True, bold=False, color='white', colorSpace='named', contrast=1.0, depth=-1.0, flipHoriz=False, flipVert=False, font='Arial', fontFiles=[], height=0.1, italic=False, languageStyle='LTR', name='trial_text', opacity=1.0, ori=0, pos=array([0., 0.]), rgb=array([255., 255., 255.]), text='default text', units='norm', win=Window(...), wrapWidth=1)
44.1577 	EXP 	Created fixationtrial = TextStim(__class__=<class 'psychopy.visual.text.TextStim'>, alignHoriz='center', alignVert='center', antialias=True, autoLog=True, bold=False, color='white', colorSpace='named', contrast=1.0, depth=-3.0, flipHoriz=False, flipVert=False, font='Arial', fontFiles=[], height=0.1, italic=False, languageStyle='LTR', name='fixationtrial', opacity=1.0, ori=0, pos=array([0., 0.]), rgb=array([255., 255., 255.]), text='+', units='norm', win=Window(...), wrapWidth=1)
45.1159 	EXP 	Created trial_display = TextStim(__class__=<class 'psychopy.visual.text.TextStim'>, alignHoriz='center', alignVert='center', antialias=True, autoLog=True, bold=False, color='white', colorSpace='named', contrast=1.0, depth=-4.0, flipHoriz=False, flipVert=False, font='Arial', fontFiles=[], height=1.0, italic=False, languageStyle='LTR', name='trial_display', opacity=1.0, ori=0, pos=array([0., 0.]), rgb=array([255., 255., 255.]), text='default text', units='norm', win=Window(...), wrapWidth=1)
45.1230 	EXP 	Created rest_text = TextStim(__class__=<class 'psychopy.visual.text.TextStim'>, alignHoriz='center', alignVert='center', antialias=True, autoLog=True, bold=False, color='white', colorSpace='named', contrast=1.0, depth=0.0, flipHoriz=False, flipVert=False, font='Arial', fontFiles=[], height=0.1, italic=False, languageStyle='LTR', name='rest_text', opacity=1.0, ori=0, pos=array([0., 0.]), rgb=array([255., 255., 255.]), text='default text', units='norm', win=Window(...), wrapWidth=1)
45.4180 	EXP 	Sound  set volume 1.000
45.4182 	EXP 	Sound  set volume 1.000
45.4236 	EXP 	Created rest_display = TextStim(__class__=<class 'psychopy.visual.text.TextStim'>, alignHoriz='center', alignVert='center', antialias=True, autoLog=True, bold=False, color='white', colorSpace='named', contrast=1.0, depth=-4.0, flipHoriz=False, flipVert=False, font='Arial', fontFiles=[], height=1.0, italic=False, languageStyle='LTR', name='rest_display', opacity=1.0, ori=0, pos=array([0., 0.]), rgb=array([255., 255., 255.]), text='default text', units='norm', win=Window(...), wrapWidth=1)
45.4315 	EXP 	Created text_2 = TextStim(__class__=<class 'psychopy.visual.text.TextStim'>, alignHoriz='center', alignVert='center', antialias=True, autoLog=True, bold=False, color='white', colorSpace='named', contrast=1.0, depth=0.0, flipHoriz=False, flipVert=False, font='Arial', fontFiles=[], height=0.1, italic=False, languageStyle='LTR', name='text_2', opacity=1.0, ori=0, pos=array([0., 0.]), rgb=array([255., 255., 255.]), text='default text', units='norm', win=Window(...), wrapWidth=1)
45.4339 	EXP 	Created fixationmain = TextStim(__class__=<class 'psychopy.visual.text.TextStim'>, alignHoriz='center', alignVert='center', antialias=True, autoLog=True, bold=False, color='white', colorSpace='named', contrast=1.0, depth=-1.0, flipHoriz=False, flipVert=False, font='Arial', fontFiles=[], height=0.1, italic=False, languageStyle='LTR', name='fixationmain', opacity=1.0, ori=0, pos=array([0., 0.]), rgb=array([255., 255., 255.]), text='+', units='norm', win=Window(...), wrapWidth=1)
45.4384 	EXP 	Created task_display = TextStim(__class__=<class 'psychopy.visual.text.TextStim'>, alignHoriz='center', alignVert='center', antialias=True, autoLog=True, bold=False, color='white', colorSpace='named', contrast=1.0, depth=-3.0, flipHoriz=False, flipVert=False, font='Arial', fontFiles=[], height=1.0, italic=False, languageStyle='LTR', name='task_display', opacity=1.0, ori=0, pos=array([0., 0.]), rgb=array([255., 255., 255.]), text='default text', units='norm', win=Window(...), wrapWidth=1)
45.4451 	EXP 	Created rest_text = TextStim(__class__=<class 'psychopy.visual.text.TextStim'>, alignHoriz='center', alignVert='center', antialias=True, autoLog=True, bold=False, color='white', colorSpace='named', contrast=1.0, depth=0.0, flipHoriz=False, flipVert=False, font='Arial', fontFiles=[], height=0.1, italic=False, languageStyle='LTR', name='rest_text', opacity=1.0, ori=0, pos=array([0., 0.]), rgb=array([255., 255., 255.]), text='default text', units='norm', win=Window(...), wrapWidth=1)
45.4452 	EXP 	Sound  set volume 1.000
45.4453 	EXP 	Sound  set volume 1.000
45.4501 	EXP 	Created rest_display = TextStim(__class__=<class 'psychopy.visual.text.TextStim'>, alignHoriz='center', alignVert='center', antialias=True, autoLog=True, bold=False, color='white', colorSpace='named', contrast=1.0, depth=-4.0, flipHoriz=False, flipVert=False, font='Arial', fontFiles=[], height=1.0, italic=False, languageStyle='LTR', name='rest_display', opacity=1.0, ori=0, pos=array([0., 0.]), rgb=array([255., 255., 255.]), text='default text', units='norm', win=Window(...), wrapWidth=1)
45.4572 	EXP 	Created text_2 = TextStim(__class__=<class 'psychopy.visual.text.TextStim'>, alignHoriz='center', alignVert='center', antialias=True, autoLog=True, bold=False, color='white', colorSpace='named', contrast=1.0, depth=0.0, flipHoriz=False, flipVert=False, font='Arial', fontFiles=[], height=0.1, italic=False, languageStyle='LTR', name='text_2', opacity=1.0, ori=0, pos=array([0., 0.]), rgb=array([255., 255., 255.]), text='default text', units='norm', win=Window(...), wrapWidth=1)
45.4598 	EXP 	Created fixationmain = TextStim(__class__=<class 'psychopy.visual.text.TextStim'>, alignHoriz='center', alignVert='center', antialias=True, autoLog=True, bold=False, color='white', colorSpace='named', contrast=1.0, depth=-1.0, flipHoriz=False, flipVert=False, font='Arial', fontFiles=[], height=0.1, italic=False, languageStyle='LTR', name='fixationmain', opacity=1.0, ori=0, pos=array([0., 0.]), rgb=array([255., 255., 255.]), text='+', units='norm', win=Window(...), wrapWidth=1)
45.4641 	EXP 	Created task_display = TextStim(__class__=<class 'psychopy.visual.text.TextStim'>, alignHoriz='center', alignVert='center', antialias=True, autoLog=True, bold=False, color='white', colorSpace='named', contrast=1.0, depth=-3.0, flipHoriz=False, flipVert=False, font='Arial', fontFiles=[], height=1.0, italic=False, languageStyle='LTR', name='task_display', opacity=1.0, ori=0, pos=array([0., 0.]), rgb=array([255., 255., 255.]), text='default text', units='norm', win=Window(...), wrapWidth=1)
45.4710 	EXP 	Created rest_text = TextStim(__class__=<class 'psychopy.visual.text.TextStim'>, alignHoriz='center', alignVert='center', antialias=True, autoLog=True, bold=False, color='white', colorSpace='named', contrast=1.0, depth=0.0, flipHoriz=False, flipVert=False, font='Arial', fontFiles=[], height=0.1, italic=False, languageStyle='LTR', name='rest_text', opacity=1.0, ori=0, pos=array([0., 0.]), rgb=array([255., 255., 255.]), text='default text', units='norm', win=Window(...), wrapWidth=1)
45.4711 	EXP 	Sound  set volume 1.000
45.4712 	EXP 	Sound  set volume 1.000
45.4759 	EXP 	Created rest_display = TextStim(__class__=<class 'psychopy.visual.text.TextStim'>, alignHoriz='center', alignVert='center', antialias=True, autoLog=True, bold=False, color='white', colorSpace='named', contrast=1.0, depth=-4.0, flipHoriz=False, flipVert=False, font='Arial', fontFiles=[], height=1.0, italic=False, languageStyle='LTR', name='rest_display', opacity=1.0, ori=0, pos=array([0., 0.]), rgb=array([255., 255., 255.]), text='default text', units='norm', win=Window(...), wrapWidth=1)
45.5072 	EXP 	intro_text: autoDraw = True
345.1128 	DATA 	Keypress: space
345.1224 	EXP 	intro_text: autoDraw = False
345.1224 	EXP 	text: autoDraw = True
363.3758 	DATA 	Keypress: space
363.3849 	EXP 	text: autoDraw = False
363.3849 	EXP 	ready_text: autoDraw = True
387.3911 	EXP 	Imported Stroop-short-trial-10event.xlsx as conditions, 10 conditions, 4 params
387.3916 	EXP 	Created sequence: random, trialTypes=10, nReps=1, seed=None
387.3918 	EXP 	New trial (rep=0, index=0): OrderedDict([('word', 'XANH DƯƠNG'), ('color', 'BLUE'), ('congruent', 1), ('corrans', 'down')])
387.6016 	EXP 	window1: recordFrameIntervals = False
387.6088 	DATA 	Keypress: space
387.6115 	EXP 	ready_text: autoDraw = False
387.6115 	EXP 	trial_text: color = 'BLUE (named)'
387.6115 	EXP 	trial_text: text = 'XANH DƯƠNG'
387.6115 	EXP 	trial_display: color = 'white (named)'
387.6115 	EXP 	trial_display: pos = array([-0.8,  0.8])
387.6115 	EXP 	trial_display: text = 'Trial Session'
387.6115 	EXP 	trial_display: font = 'Arial'
387.6115 	EXP 	trial_display: height = 0.1
387.6115 	EXP 	fixationtrial: autoDraw = True
387.6115 	EXP 	trial_display: autoDraw = True
387.6115 	EXP 	trial_display: text = 'Trial Session'
387.6117 	EXP 	window1: recordFrameIntervals = False
388.1971 	EXP 	fixationtrial: autoDraw = False
388.2133 	EXP 	trial_text: autoDraw = True
389.3508 	DATA 	Keypress: left
389.4964 	EXP 	trial_text: autoDraw = False
390.3649 	EXP 	New trial (rep=0, index=1): OrderedDict([('word', 'ĐỎ'), ('color', 'GREEN'), ('congruent', 1), ('corrans', 'left')])
390.3721 	EXP 	window1: recordFrameIntervals = False
390.3822 	EXP 	trial_text: autoDraw = False
390.3822 	EXP 	fixationtrial: autoDraw = False
390.3822 	EXP 	trial_display: autoDraw = False
390.3822 	EXP 	trial_text: color = 'GREEN (named)'
390.3822 	EXP 	trial_text: text = 'ĐỎ'
390.3822 	EXP 	trial_display: color = 'white (named)'
390.3822 	EXP 	trial_display: pos = array([-0.8,  0.8])
390.3822 	EXP 	trial_display: text = 'Trial Session'
390.3822 	EXP 	trial_display: font = 'Arial'
390.3822 	EXP 	trial_display: height = 0.1
390.3822 	EXP 	fixationtrial: autoDraw = True
390.3822 	EXP 	trial_display: autoDraw = True
390.3822 	EXP 	trial_display: text = 'Trial Session'
390.3825 	EXP 	window1: recordFrameIntervals = False
391.1805 	EXP 	fixationtrial: autoDraw = False
391.1963 	EXP 	trial_text: autoDraw = True
392.4672 	DATA 	Keypress: right
392.4791 	EXP 	trial_text: autoDraw = False
393.3637 	EXP 	New trial (rep=0, index=2): OrderedDict([('word', 'ĐỎ'), ('color', 'RED'), ('congruent', 1), ('corrans', 'left')])
393.3643 	EXP 	window1: recordFrameIntervals = False
393.3789 	EXP 	trial_text: autoDraw = False
393.3789 	EXP 	fixationtrial: autoDraw = False
393.3789 	EXP 	trial_display: autoDraw = False
393.3789 	EXP 	trial_text: color = 'RED (named)'
393.3789 	EXP 	trial_text: text = 'ĐỎ'
393.3789 	EXP 	trial_display: color = 'white (named)'
393.3789 	EXP 	trial_display: pos = array([-0.8,  0.8])
393.3789 	EXP 	trial_display: text = 'Trial Session'
393.3789 	EXP 	trial_display: font = 'Arial'
393.3789 	EXP 	trial_display: height = 0.1
393.3789 	EXP 	fixationtrial: autoDraw = True
393.3789 	EXP 	trial_display: autoDraw = True
393.3789 	EXP 	trial_display: text = 'Trial Session'
393.3792 	EXP 	window1: recordFrameIntervals = False
394.1788 	EXP 	fixationtrial: autoDraw = False
394.1954 	EXP 	trial_text: autoDraw = True
395.4784 	EXP 	trial_text: autoDraw = False
395.6331 	DATA 	Keypress: left
396.3631 	EXP 	New trial (rep=0, index=3): OrderedDict([('word', 'VÀNG'), ('color', 'YELLOW'), ('congruent', 1), ('corrans', 'up')])
396.3713 	EXP 	window1: recordFrameIntervals = False
396.3825 	EXP 	trial_text: autoDraw = False
396.3825 	EXP 	fixationtrial: autoDraw = False
396.3825 	EXP 	trial_display: autoDraw = False
396.3825 	EXP 	trial_text: color = 'YELLOW (named)'
396.3825 	EXP 	trial_text: text = 'VÀNG'
396.3825 	EXP 	trial_display: color = 'white (named)'
396.3825 	EXP 	trial_display: pos = array([-0.8,  0.8])
396.3825 	EXP 	trial_display: text = 'Trial Session'
396.3825 	EXP 	trial_display: font = 'Arial'
396.3825 	EXP 	trial_display: height = 0.1
396.3825 	EXP 	fixationtrial: autoDraw = True
396.3825 	EXP 	trial_display: autoDraw = True
396.3825 	EXP 	trial_display: text = 'Trial Session'
396.3827 	EXP 	window1: recordFrameIntervals = False
397.1789 	EXP 	fixationtrial: autoDraw = False
397.1950 	EXP 	trial_text: autoDraw = True
397.9833 	DATA 	Keypress: up
398.4779 	EXP 	trial_text: autoDraw = False
399.3625 	EXP 	New trial (rep=0, index=4): OrderedDict([('word', 'VÀNG'), ('color', 'BLUE'), ('congruent', 1), ('corrans', 'up')])
399.3632 	EXP 	window1: recordFrameIntervals = False
399.3777 	EXP 	trial_text: autoDraw = False
399.3777 	EXP 	fixationtrial: autoDraw = False
399.3777 	EXP 	trial_display: autoDraw = False
399.3777 	EXP 	trial_text: color = 'BLUE (named)'
399.3777 	EXP 	trial_text: text = 'VÀNG'
399.3777 	EXP 	trial_display: color = 'white (named)'
399.3777 	EXP 	trial_display: pos = array([-0.8,  0.8])
399.3777 	EXP 	trial_display: text = 'Trial Session'
399.3777 	EXP 	trial_display: font = 'Arial'
399.3777 	EXP 	trial_display: height = 0.1
399.3777 	EXP 	fixationtrial: autoDraw = True
399.3777 	EXP 	trial_display: autoDraw = True
399.3777 	EXP 	trial_display: text = 'Trial Session'
399.3783 	EXP 	window1: recordFrameIntervals = False
400.1777 	EXP 	fixationtrial: autoDraw = False
400.1943 	EXP 	trial_text: autoDraw = True
401.4772 	EXP 	trial_text: autoDraw = False
401.5153 	DATA 	Keypress: down
402.3617 	EXP 	New trial (rep=0, index=5): OrderedDict([('word', 'XANH DƯƠNG'), ('color', 'BLUE'), ('congruent', 1), ('corrans', 'down')])
402.3691 	EXP 	window1: recordFrameIntervals = False
402.3801 	EXP 	trial_text: autoDraw = False
402.3801 	EXP 	fixationtrial: autoDraw = False
402.3801 	EXP 	trial_display: autoDraw = False
402.3801 	EXP 	trial_text: color = 'BLUE (named)'
402.3801 	EXP 	trial_text: text = 'XANH DƯƠNG'
402.3801 	EXP 	trial_display: color = 'white (named)'
402.3801 	EXP 	trial_display: pos = array([-0.8,  0.8])
402.3801 	EXP 	trial_display: text = 'Trial Session'
402.3801 	EXP 	trial_display: font = 'Arial'
402.3801 	EXP 	trial_display: height = 0.1
402.3801 	EXP 	fixationtrial: autoDraw = True
402.3801 	EXP 	trial_display: autoDraw = True
402.3801 	EXP 	trial_display: text = 'Trial Session'
402.3803 	EXP 	window1: recordFrameIntervals = False
403.1779 	EXP 	fixationtrial: autoDraw = False
403.1935 	EXP 	trial_text: autoDraw = True
404.1820 	DATA 	Keypress: down
404.4766 	EXP 	trial_text: autoDraw = False
405.3612 	EXP 	New trial (rep=0, index=6): OrderedDict([('word', 'XANH LÁ'), ('color', 'GREEN'), ('congruent', 1), ('corrans', 'right')])
405.3704 	EXP 	window1: recordFrameIntervals = False
405.3822 	EXP 	trial_text: autoDraw = False
405.3822 	EXP 	fixationtrial: autoDraw = False
405.3822 	EXP 	trial_display: autoDraw = False
405.3822 	EXP 	trial_text: color = 'GREEN (named)'
405.3822 	EXP 	trial_text: text = 'XANH LÁ'
405.3822 	EXP 	trial_display: color = 'white (named)'
405.3822 	EXP 	trial_display: pos = array([-0.8,  0.8])
405.3822 	EXP 	trial_display: text = 'Trial Session'
405.3822 	EXP 	trial_display: font = 'Arial'
405.3822 	EXP 	trial_display: height = 0.1
405.3822 	EXP 	fixationtrial: autoDraw = True
405.3822 	EXP 	trial_display: autoDraw = True
405.3822 	EXP 	trial_display: text = 'Trial Session'
405.3825 	EXP 	window1: recordFrameIntervals = False
406.1769 	EXP 	fixationtrial: autoDraw = False
406.1928 	EXP 	trial_text: autoDraw = True
407.0806 	DATA 	Keypress: right
407.4761 	EXP 	trial_text: autoDraw = False
408.3606 	EXP 	New trial (rep=0, index=7): OrderedDict([('word', 'ĐỎ'), ('color', 'RED'), ('congruent', 1), ('corrans', 'left')])
408.3637 	EXP 	window1: recordFrameIntervals = False
408.3766 	EXP 	trial_text: autoDraw = False
408.3766 	EXP 	fixationtrial: autoDraw = False
408.3766 	EXP 	trial_display: autoDraw = False
408.3766 	EXP 	trial_text: color = 'RED (named)'
408.3766 	EXP 	trial_text: text = 'ĐỎ'
408.3766 	EXP 	trial_display: color = 'white (named)'
408.3766 	EXP 	trial_display: pos = array([-0.8,  0.8])
408.3766 	EXP 	trial_display: text = 'Trial Session'
408.3766 	EXP 	trial_display: font = 'Arial'
408.3766 	EXP 	trial_display: height = 0.1
408.3766 	EXP 	fixationtrial: autoDraw = True
408.3766 	EXP 	trial_display: autoDraw = True
408.3766 	EXP 	trial_display: text = 'Trial Session'
408.3769 	EXP 	window1: recordFrameIntervals = False
409.1759 	EXP 	fixationtrial: autoDraw = False
409.1924 	EXP 	trial_text: autoDraw = True
410.0487 	DATA 	Keypress: left
410.4755 	EXP 	trial_text: autoDraw = False
411.3596 	EXP 	New trial (rep=0, index=8): OrderedDict([('word', 'VÀNG'), ('color', 'YELLOW'), ('congruent', 1), ('corrans', 'up')])
411.3639 	EXP 	window1: recordFrameIntervals = False
411.3758 	EXP 	trial_text: autoDraw = False
411.3758 	EXP 	fixationtrial: autoDraw = False
411.3758 	EXP 	trial_display: autoDraw = False
411.3758 	EXP 	trial_text: color = 'YELLOW (named)'
411.3758 	EXP 	trial_text: text = 'VÀNG'
411.3758 	EXP 	trial_display: color = 'white (named)'
411.3758 	EXP 	trial_display: pos = array([-0.8,  0.8])
411.3758 	EXP 	trial_display: text = 'Trial Session'
411.3758 	EXP 	trial_display: font = 'Arial'
411.3758 	EXP 	trial_display: height = 0.1
411.3758 	EXP 	fixationtrial: autoDraw = True
411.3758 	EXP 	trial_display: autoDraw = True
411.3758 	EXP 	trial_display: text = 'Trial Session'
411.3760 	EXP 	window1: recordFrameIntervals = False
412.1753 	EXP 	fixationtrial: autoDraw = False
412.1921 	EXP 	trial_text: autoDraw = True
412.8489 	DATA 	Keypress: up
413.4751 	EXP 	trial_text: autoDraw = False
414.3596 	EXP 	New trial (rep=0, index=9): OrderedDict([('word', 'ĐỎ'), ('color', 'RED'), ('congruent', 1), ('corrans', 'left')])
414.3622 	EXP 	window1: recordFrameIntervals = False
414.3753 	EXP 	trial_text: autoDraw = False
414.3753 	EXP 	fixationtrial: autoDraw = False
414.3753 	EXP 	trial_display: autoDraw = False
414.3753 	EXP 	trial_text: color = 'RED (named)'
414.3753 	EXP 	trial_text: text = 'ĐỎ'
414.3753 	EXP 	trial_display: color = 'white (named)'
414.3753 	EXP 	trial_display: pos = array([-0.8,  0.8])
414.3753 	EXP 	trial_display: text = 'Trial Session'
414.3753 	EXP 	trial_display: font = 'Arial'
414.3753 	EXP 	trial_display: height = 0.1
414.3753 	EXP 	fixationtrial: autoDraw = True
414.3753 	EXP 	trial_display: autoDraw = True
414.3753 	EXP 	trial_display: text = 'Trial Session'
414.3754 	EXP 	window1: recordFrameIntervals = False
415.1746 	EXP 	fixationtrial: autoDraw = False
415.1918 	EXP 	trial_text: autoDraw = True
416.2126 	DATA 	Keypress: left
416.4748 	EXP 	trial_text: autoDraw = False
417.4246 	EXP 	trial_text: autoDraw = False
417.4246 	EXP 	fixationtrial: autoDraw = False
417.4246 	EXP 	trial_display: autoDraw = False
417.4246 	EXP 	rest_text: text = '+'
417.4246 	EXP 	rest_display: color = 'white (named)'
417.4246 	EXP 	rest_display: pos = array([-0.8,  0.8])
417.4246 	EXP 	rest_display: text = 'Rest Session'
417.4246 	EXP 	rest_display: font = 'Arial'
417.4246 	EXP 	rest_display: height = 0.1
417.4246 	EXP 	rest_text: autoDraw = True
417.4246 	EXP 	rest_display: autoDraw = True
417.4246 	EXP 	rest_display: text = 'Rest Session'
447.3619 	EXP 	Imported Stroopmain-short-inverse5eventx3.xlsx as conditions, 5 conditions, 4 params
447.3622 	EXP 	Created sequence: random, trialTypes=5, nReps=6, seed=None
447.3626 	EXP 	New trial (rep=0, index=0): OrderedDict([('word', 'XANH DƯƠNG'), ('color', 'GREEN'), ('congruent', 1), ('corrans', 'down')])
447.4263 	EXP 	rest_text: autoDraw = False
447.4263 	EXP 	rest_display: autoDraw = False
447.4263 	EXP 	rest_text: autoDraw = False
447.4263 	EXP 	rest_display: autoDraw = False
447.4263 	EXP 	text_2: color = 'GREEN (named)'
447.4263 	EXP 	text_2: text = 'XANH DƯƠNG'
447.4263 	EXP 	task_display: color = 'white (named)'
447.4263 	EXP 	task_display: pos = array([-0.8,  0.8])
447.4263 	EXP 	task_display: text = 'Task session'
447.4263 	EXP 	task_display: font = 'Arial'
447.4263 	EXP 	task_display: height = 0.1
447.4263 	EXP 	fixationmain: autoDraw = True
447.4263 	EXP 	task_display: autoDraw = True
447.4263 	EXP 	task_display: text = 'Task session'
448.1679 	EXP 	fixationmain: autoDraw = False
448.1848 	EXP 	text_2: autoDraw = True
449.2057 	DATA 	Keypress: right
449.4676 	EXP 	text_2: autoDraw = False
450.3542 	EXP 	New trial (rep=0, index=1): OrderedDict([('word', 'ĐỎ'), ('color', 'YELLOW'), ('congruent', 0), ('corrans', 'left')])
450.3687 	EXP 	task_display: autoDraw = False
450.3687 	EXP 	text_2: autoDraw = False
450.3687 	EXP 	fixationmain: autoDraw = False
450.3687 	EXP 	task_display: autoDraw = False
450.3687 	EXP 	text_2: color = 'YELLOW (named)'
450.3687 	EXP 	text_2: text = 'ĐỎ'
450.3687 	EXP 	task_display: color = 'white (named)'
450.3687 	EXP 	task_display: pos = array([-0.8,  0.8])
450.3687 	EXP 	task_display: text = 'Task session'
450.3687 	EXP 	task_display: font = 'Arial'
450.3687 	EXP 	task_display: height = 0.1
450.3687 	EXP 	fixationmain: autoDraw = True
450.3687 	EXP 	task_display: autoDraw = True
450.3687 	EXP 	task_display: text = 'Task session'
451.1673 	EXP 	fixationmain: autoDraw = False
451.1840 	EXP 	text_2: autoDraw = True
452.1059 	DATA 	Keypress: up
452.4670 	EXP 	text_2: autoDraw = False
453.3546 	EXP 	New trial (rep=0, index=2): OrderedDict([('word', 'ĐỎ'), ('color', 'RED'), ('congruent', 1), ('corrans', 'left')])
453.3676 	EXP 	task_display: autoDraw = False
453.3676 	EXP 	text_2: autoDraw = False
453.3676 	EXP 	fixationmain: autoDraw = False
453.3676 	EXP 	task_display: autoDraw = False
453.3676 	EXP 	text_2: color = 'RED (named)'
453.3676 	EXP 	text_2: text = 'ĐỎ'
453.3676 	EXP 	task_display: color = 'white (named)'
453.3676 	EXP 	task_display: pos = array([-0.8,  0.8])
453.3676 	EXP 	task_display: text = 'Task session'
453.3676 	EXP 	task_display: font = 'Arial'
453.3676 	EXP 	task_display: height = 0.1
453.3676 	EXP 	fixationmain: autoDraw = True
453.3676 	EXP 	task_display: autoDraw = True
453.3676 	EXP 	task_display: text = 'Task session'
454.1669 	EXP 	fixationmain: autoDraw = False
454.1835 	EXP 	text_2: autoDraw = True
455.0206 	DATA 	Keypress: left
455.4664 	EXP 	text_2: autoDraw = False
456.3534 	EXP 	New trial (rep=0, index=3): OrderedDict([('word', 'VÀNG'), ('color', 'RED'), ('congruent', 0), ('corrans', 'up')])
456.3683 	EXP 	task_display: autoDraw = False
456.3683 	EXP 	text_2: autoDraw = False
456.3683 	EXP 	fixationmain: autoDraw = False
456.3683 	EXP 	task_display: autoDraw = False
456.3683 	EXP 	text_2: color = 'RED (named)'
456.3683 	EXP 	text_2: text = 'VÀNG'
456.3683 	EXP 	task_display: color = 'white (named)'
456.3683 	EXP 	task_display: pos = array([-0.8,  0.8])
456.3683 	EXP 	task_display: text = 'Task session'
456.3683 	EXP 	task_display: font = 'Arial'
456.3683 	EXP 	task_display: height = 0.1
456.3683 	EXP 	fixationmain: autoDraw = True
456.3683 	EXP 	task_display: autoDraw = True
456.3683 	EXP 	task_display: text = 'Task session'
457.1661 	EXP 	fixationmain: autoDraw = False
457.1838 	EXP 	text_2: autoDraw = True
458.2207 	DATA 	Keypress: left
458.4660 	EXP 	text_2: autoDraw = False
459.3538 	EXP 	New trial (rep=0, index=4): OrderedDict([('word', 'XANH LÁ'), ('color', 'BLUE'), ('congruent', 1), ('corrans', 'right')])
459.3700 	EXP 	task_display: autoDraw = False
459.3700 	EXP 	text_2: autoDraw = False
459.3700 	EXP 	fixationmain: autoDraw = False
459.3700 	EXP 	task_display: autoDraw = False
459.3700 	EXP 	text_2: color = 'BLUE (named)'
459.3700 	EXP 	text_2: text = 'XANH LÁ'
459.3700 	EXP 	task_display: color = 'white (named)'
459.3700 	EXP 	task_display: pos = array([-0.8,  0.8])
459.3700 	EXP 	task_display: text = 'Task session'
459.3700 	EXP 	task_display: font = 'Arial'
459.3700 	EXP 	task_display: height = 0.1
459.3700 	EXP 	fixationmain: autoDraw = True
459.3700 	EXP 	task_display: autoDraw = True
459.3700 	EXP 	task_display: text = 'Task session'
460.1655 	EXP 	fixationmain: autoDraw = False
460.1823 	EXP 	text_2: autoDraw = True
461.3037 	DATA 	Keypress: down
461.4657 	EXP 	text_2: autoDraw = False
462.3513 	EXP 	New trial (rep=1, index=0): OrderedDict([('word', 'XANH DƯƠNG'), ('color', 'GREEN'), ('congruent', 1), ('corrans', 'down')])
462.3688 	EXP 	task_display: autoDraw = False
462.3688 	EXP 	text_2: autoDraw = False
462.3688 	EXP 	fixationmain: autoDraw = False
462.3688 	EXP 	task_display: autoDraw = False
462.3688 	EXP 	text_2: color = 'GREEN (named)'
462.3688 	EXP 	text_2: text = 'XANH DƯƠNG'
462.3688 	EXP 	task_display: color = 'white (named)'
462.3688 	EXP 	task_display: pos = array([-0.8,  0.8])
462.3688 	EXP 	task_display: text = 'Task session'
462.3688 	EXP 	task_display: font = 'Arial'
462.3688 	EXP 	task_display: height = 0.1
462.3688 	EXP 	fixationmain: autoDraw = True
462.3688 	EXP 	task_display: autoDraw = True
462.3688 	EXP 	task_display: text = 'Task session'
463.1651 	EXP 	fixationmain: autoDraw = False
463.1817 	EXP 	text_2: autoDraw = True
464.1043 	DATA 	Keypress: right
464.4649 	EXP 	text_2: autoDraw = False
465.3519 	EXP 	New trial (rep=1, index=1): OrderedDict([('word', 'ĐỎ'), ('color', 'RED'), ('congruent', 1), ('corrans', 'left')])
465.3661 	EXP 	task_display: autoDraw = False
465.3661 	EXP 	text_2: autoDraw = False
465.3661 	EXP 	fixationmain: autoDraw = False
465.3661 	EXP 	task_display: autoDraw = False
465.3661 	EXP 	text_2: color = 'RED (named)'
465.3661 	EXP 	text_2: text = 'ĐỎ'
465.3661 	EXP 	task_display: color = 'white (named)'
465.3661 	EXP 	task_display: pos = array([-0.8,  0.8])
465.3661 	EXP 	task_display: text = 'Task session'
465.3661 	EXP 	task_display: font = 'Arial'
465.3661 	EXP 	task_display: height = 0.1
465.3661 	EXP 	fixationmain: autoDraw = True
465.3661 	EXP 	task_display: autoDraw = True
465.3661 	EXP 	task_display: text = 'Task session'
466.1645 	EXP 	fixationmain: autoDraw = False
466.1815 	EXP 	text_2: autoDraw = True
466.9361 	DATA 	Keypress: left
467.4644 	EXP 	text_2: autoDraw = False
468.3506 	EXP 	New trial (rep=1, index=2): OrderedDict([('word', 'VÀNG'), ('color', 'RED'), ('congruent', 0), ('corrans', 'up')])
468.3671 	EXP 	task_display: autoDraw = False
468.3671 	EXP 	text_2: autoDraw = False
468.3671 	EXP 	fixationmain: autoDraw = False
468.3671 	EXP 	task_display: autoDraw = False
468.3671 	EXP 	text_2: color = 'RED (named)'
468.3671 	EXP 	text_2: text = 'VÀNG'
468.3671 	EXP 	task_display: color = 'white (named)'
468.3671 	EXP 	task_display: pos = array([-0.8,  0.8])
468.3671 	EXP 	task_display: text = 'Task session'
468.3671 	EXP 	task_display: font = 'Arial'
468.3671 	EXP 	task_display: height = 0.1
468.3671 	EXP 	fixationmain: autoDraw = True
468.3671 	EXP 	task_display: autoDraw = True
468.3671 	EXP 	task_display: text = 'Task session'
469.1636 	EXP 	fixationmain: autoDraw = False
469.1813 	EXP 	text_2: autoDraw = True
469.8684 	DATA 	Keypress: left
470.4638 	EXP 	text_2: autoDraw = False
471.3504 	EXP 	New trial (rep=1, index=3): OrderedDict([('word', 'ĐỎ'), ('color', 'YELLOW'), ('congruent', 0), ('corrans', 'left')])
471.3643 	EXP 	task_display: autoDraw = False
471.3643 	EXP 	text_2: autoDraw = False
471.3643 	EXP 	fixationmain: autoDraw = False
471.3643 	EXP 	task_display: autoDraw = False
471.3643 	EXP 	text_2: color = 'YELLOW (named)'
471.3643 	EXP 	text_2: text = 'ĐỎ'
471.3643 	EXP 	task_display: color = 'white (named)'
471.3643 	EXP 	task_display: pos = array([-0.8,  0.8])
471.3643 	EXP 	task_display: text = 'Task session'
471.3643 	EXP 	task_display: font = 'Arial'
471.3643 	EXP 	task_display: height = 0.1
471.3643 	EXP 	fixationmain: autoDraw = True
471.3643 	EXP 	task_display: autoDraw = True
471.3643 	EXP 	task_display: text = 'Task session'
472.1630 	EXP 	fixationmain: autoDraw = False
472.1801 	EXP 	text_2: autoDraw = True
473.0676 	DATA 	Keypress: up
473.4629 	EXP 	text_2: autoDraw = False
474.3494 	EXP 	New trial (rep=1, index=4): OrderedDict([('word', 'XANH LÁ'), ('color', 'BLUE'), ('congruent', 1), ('corrans', 'right')])
474.3670 	EXP 	task_display: autoDraw = False
474.3670 	EXP 	text_2: autoDraw = False
474.3670 	EXP 	fixationmain: autoDraw = False
474.3670 	EXP 	task_display: autoDraw = False
474.3670 	EXP 	text_2: color = 'BLUE (named)'
474.3670 	EXP 	text_2: text = 'XANH LÁ'
474.3670 	EXP 	task_display: color = 'white (named)'
474.3670 	EXP 	task_display: pos = array([-0.8,  0.8])
474.3670 	EXP 	task_display: text = 'Task session'
474.3670 	EXP 	task_display: font = 'Arial'
474.3670 	EXP 	task_display: height = 0.1
474.3670 	EXP 	fixationmain: autoDraw = True
474.3670 	EXP 	task_display: autoDraw = True
474.3670 	EXP 	task_display: text = 'Task session'
475.1628 	EXP 	fixationmain: autoDraw = False
475.1800 	EXP 	text_2: autoDraw = True
476.2003 	DATA 	Keypress: down
476.4624 	EXP 	text_2: autoDraw = False
477.3485 	EXP 	New trial (rep=2, index=0): OrderedDict([('word', 'XANH LÁ'), ('color', 'BLUE'), ('congruent', 1), ('corrans', 'right')])
477.3621 	EXP 	task_display: autoDraw = False
477.3621 	EXP 	text_2: autoDraw = False
477.3621 	EXP 	fixationmain: autoDraw = False
477.3621 	EXP 	task_display: autoDraw = False
477.3621 	EXP 	text_2: color = 'BLUE (named)'
477.3621 	EXP 	text_2: text = 'XANH LÁ'
477.3621 	EXP 	task_display: color = 'white (named)'
477.3621 	EXP 	task_display: pos = array([-0.8,  0.8])
477.3621 	EXP 	task_display: text = 'Task session'
477.3621 	EXP 	task_display: font = 'Arial'
477.3621 	EXP 	task_display: height = 0.1
477.3621 	EXP 	fixationmain: autoDraw = True
477.3621 	EXP 	task_display: autoDraw = True
477.3621 	EXP 	task_display: text = 'Task session'
478.1628 	EXP 	fixationmain: autoDraw = False
478.1790 	EXP 	text_2: autoDraw = True
479.0996 	DATA 	Keypress: down
479.4618 	EXP 	text_2: autoDraw = False
480.3486 	EXP 	New trial (rep=2, index=1): OrderedDict([('word', 'VÀNG'), ('color', 'RED'), ('congruent', 0), ('corrans', 'up')])
480.3650 	EXP 	task_display: autoDraw = False
480.3650 	EXP 	text_2: autoDraw = False
480.3650 	EXP 	fixationmain: autoDraw = False
480.3650 	EXP 	task_display: autoDraw = False
480.3650 	EXP 	text_2: color = 'RED (named)'
480.3650 	EXP 	text_2: text = 'VÀNG'
480.3650 	EXP 	task_display: color = 'white (named)'
480.3650 	EXP 	task_display: pos = array([-0.8,  0.8])
480.3650 	EXP 	task_display: text = 'Task session'
480.3650 	EXP 	task_display: font = 'Arial'
480.3650 	EXP 	task_display: height = 0.1
480.3650 	EXP 	fixationmain: autoDraw = True
480.3650 	EXP 	task_display: autoDraw = True
480.3650 	EXP 	task_display: text = 'Task session'
481.1623 	EXP 	fixationmain: autoDraw = False
481.1780 	EXP 	text_2: autoDraw = True
482.1338 	DATA 	Keypress: left
482.4612 	EXP 	text_2: autoDraw = False
483.3478 	EXP 	New trial (rep=2, index=2): OrderedDict([('word', 'ĐỎ'), ('color', 'YELLOW'), ('congruent', 0), ('corrans', 'left')])
483.3623 	EXP 	task_display: autoDraw = False
483.3623 	EXP 	text_2: autoDraw = False
483.3623 	EXP 	fixationmain: autoDraw = False
483.3623 	EXP 	task_display: autoDraw = False
483.3623 	EXP 	text_2: color = 'YELLOW (named)'
483.3623 	EXP 	text_2: text = 'ĐỎ'
483.3623 	EXP 	task_display: color = 'white (named)'
483.3623 	EXP 	task_display: pos = array([-0.8,  0.8])
483.3623 	EXP 	task_display: text = 'Task session'
483.3623 	EXP 	task_display: font = 'Arial'
483.3623 	EXP 	task_display: height = 0.1
483.3623 	EXP 	fixationmain: autoDraw = True
483.3623 	EXP 	task_display: autoDraw = True
483.3623 	EXP 	task_display: text = 'Task session'
484.1613 	EXP 	fixationmain: autoDraw = False
484.1776 	EXP 	text_2: autoDraw = True
485.1988 	DATA 	Keypress: up
485.4605 	EXP 	text_2: autoDraw = False
486.3467 	EXP 	New trial (rep=2, index=3): OrderedDict([('word', 'XANH DƯƠNG'), ('color', 'GREEN'), ('congruent', 1), ('corrans', 'down')])
486.3634 	EXP 	task_display: autoDraw = False
486.3634 	EXP 	text_2: autoDraw = False
486.3634 	EXP 	fixationmain: autoDraw = False
486.3634 	EXP 	task_display: autoDraw = False
486.3634 	EXP 	text_2: color = 'GREEN (named)'
486.3634 	EXP 	text_2: text = 'XANH DƯƠNG'
486.3634 	EXP 	task_display: color = 'white (named)'
486.3634 	EXP 	task_display: pos = array([-0.8,  0.8])
486.3634 	EXP 	task_display: text = 'Task session'
486.3634 	EXP 	task_display: font = 'Arial'
486.3634 	EXP 	task_display: height = 0.1
486.3634 	EXP 	fixationmain: autoDraw = True
486.3634 	EXP 	task_display: autoDraw = True
486.3634 	EXP 	task_display: text = 'Task session'
487.1607 	EXP 	fixationmain: autoDraw = False
487.1769 	EXP 	text_2: autoDraw = True
488.4604 	EXP 	text_2: autoDraw = False
488.5312 	DATA 	Keypress: right
489.3469 	EXP 	New trial (rep=2, index=4): OrderedDict([('word', 'ĐỎ'), ('color', 'RED'), ('congruent', 1), ('corrans', 'left')])
489.3612 	EXP 	task_display: autoDraw = False
489.3612 	EXP 	text_2: autoDraw = False
489.3612 	EXP 	fixationmain: autoDraw = False
489.3612 	EXP 	task_display: autoDraw = False
489.3612 	EXP 	text_2: color = 'RED (named)'
489.3612 	EXP 	text_2: text = 'ĐỎ'
489.3612 	EXP 	task_display: color = 'white (named)'
489.3612 	EXP 	task_display: pos = array([-0.8,  0.8])
489.3612 	EXP 	task_display: text = 'Task session'
489.3612 	EXP 	task_display: font = 'Arial'
489.3612 	EXP 	task_display: height = 0.1
489.3612 	EXP 	fixationmain: autoDraw = True
489.3612 	EXP 	task_display: autoDraw = True
489.3612 	EXP 	task_display: text = 'Task session'
490.1597 	EXP 	fixationmain: autoDraw = False
490.1763 	EXP 	text_2: autoDraw = True
490.9147 	DATA 	Keypress: left
491.4593 	EXP 	text_2: autoDraw = False
492.3465 	EXP 	New trial (rep=3, index=0): OrderedDict([('word', 'ĐỎ'), ('color', 'RED'), ('congruent', 1), ('corrans', 'left')])
492.3599 	EXP 	task_display: autoDraw = False
492.3599 	EXP 	text_2: autoDraw = False
492.3599 	EXP 	fixationmain: autoDraw = False
492.3599 	EXP 	task_display: autoDraw = False
492.3599 	EXP 	text_2: color = 'RED (named)'
492.3599 	EXP 	text_2: text = 'ĐỎ'
492.3599 	EXP 	task_display: color = 'white (named)'
492.3599 	EXP 	task_display: pos = array([-0.8,  0.8])
492.3599 	EXP 	task_display: text = 'Task session'
492.3599 	EXP 	task_display: font = 'Arial'
492.3599 	EXP 	task_display: height = 0.1
492.3599 	EXP 	fixationmain: autoDraw = True
492.3599 	EXP 	task_display: autoDraw = True
492.3599 	EXP 	task_display: text = 'Task session'
493.1592 	EXP 	fixationmain: autoDraw = False
493.1757 	EXP 	text_2: autoDraw = True
493.8804 	DATA 	Keypress: left
494.4587 	EXP 	text_2: autoDraw = False
495.3446 	EXP 	New trial (rep=3, index=1): OrderedDict([('word', 'ĐỎ'), ('color', 'YELLOW'), ('congruent', 0), ('corrans', 'left')])
495.3586 	EXP 	task_display: autoDraw = False
495.3586 	EXP 	text_2: autoDraw = False
495.3586 	EXP 	fixationmain: autoDraw = False
495.3586 	EXP 	task_display: autoDraw = False
495.3586 	EXP 	text_2: color = 'YELLOW (named)'
495.3586 	EXP 	text_2: text = 'ĐỎ'
495.3586 	EXP 	task_display: color = 'white (named)'
495.3586 	EXP 	task_display: pos = array([-0.8,  0.8])
495.3586 	EXP 	task_display: text = 'Task session'
495.3586 	EXP 	task_display: font = 'Arial'
495.3586 	EXP 	task_display: height = 0.1
495.3586 	EXP 	fixationmain: autoDraw = True
495.3586 	EXP 	task_display: autoDraw = True
495.3586 	EXP 	task_display: text = 'Task session'
496.1582 	EXP 	fixationmain: autoDraw = False
496.1751 	EXP 	text_2: autoDraw = True
497.2136 	DATA 	Keypress: up
497.4580 	EXP 	text_2: autoDraw = False
498.3448 	EXP 	New trial (rep=3, index=2): OrderedDict([('word', 'XANH DƯƠNG'), ('color', 'GREEN'), ('congruent', 1), ('corrans', 'down')])
498.3630 	EXP 	task_display: autoDraw = False
498.3630 	EXP 	text_2: autoDraw = False
498.3630 	EXP 	fixationmain: autoDraw = False
498.3630 	EXP 	task_display: autoDraw = False
498.3630 	EXP 	text_2: color = 'GREEN (named)'
498.3630 	EXP 	text_2: text = 'XANH DƯƠNG'
498.3630 	EXP 	task_display: color = 'white (named)'
498.3630 	EXP 	task_display: pos = array([-0.8,  0.8])
498.3630 	EXP 	task_display: text = 'Task session'
498.3630 	EXP 	task_display: font = 'Arial'
498.3630 	EXP 	task_display: height = 0.1
498.3630 	EXP 	fixationmain: autoDraw = True
498.3630 	EXP 	task_display: autoDraw = True
498.3630 	EXP 	task_display: text = 'Task session'
499.1577 	EXP 	fixationmain: autoDraw = False
499.1745 	EXP 	text_2: autoDraw = True
500.2470 	DATA 	Keypress: right
500.4573 	EXP 	text_2: autoDraw = False
501.3442 	EXP 	New trial (rep=3, index=3): OrderedDict([('word', 'VÀNG'), ('color', 'RED'), ('congruent', 0), ('corrans', 'up')])
501.3594 	EXP 	task_display: autoDraw = False
501.3594 	EXP 	text_2: autoDraw = False
501.3594 	EXP 	fixationmain: autoDraw = False
501.3594 	EXP 	task_display: autoDraw = False
501.3594 	EXP 	text_2: color = 'RED (named)'
501.3594 	EXP 	text_2: text = 'VÀNG'
501.3594 	EXP 	task_display: color = 'white (named)'
501.3594 	EXP 	task_display: pos = array([-0.8,  0.8])
501.3594 	EXP 	task_display: text = 'Task session'
501.3594 	EXP 	task_display: font = 'Arial'
501.3594 	EXP 	task_display: height = 0.1
501.3594 	EXP 	fixationmain: autoDraw = True
501.3594 	EXP 	task_display: autoDraw = True
501.3594 	EXP 	task_display: text = 'Task session'
502.1570 	EXP 	fixationmain: autoDraw = False
502.1736 	EXP 	text_2: autoDraw = True
503.1623 	DATA 	Keypress: left
503.4568 	EXP 	text_2: autoDraw = False
504.3436 	EXP 	New trial (rep=3, index=4): OrderedDict([('word', 'XANH LÁ'), ('color', 'BLUE'), ('congruent', 1), ('corrans', 'right')])
504.3610 	EXP 	task_display: autoDraw = False
504.3610 	EXP 	text_2: autoDraw = False
504.3610 	EXP 	fixationmain: autoDraw = False
504.3610 	EXP 	task_display: autoDraw = False
504.3610 	EXP 	text_2: color = 'BLUE (named)'
504.3610 	EXP 	text_2: text = 'XANH LÁ'
504.3610 	EXP 	task_display: color = 'white (named)'
504.3610 	EXP 	task_display: pos = array([-0.8,  0.8])
504.3610 	EXP 	task_display: text = 'Task session'
504.3610 	EXP 	task_display: font = 'Arial'
504.3610 	EXP 	task_display: height = 0.1
504.3610 	EXP 	fixationmain: autoDraw = True
504.3610 	EXP 	task_display: autoDraw = True
504.3610 	EXP 	task_display: text = 'Task session'
505.1565 	EXP 	fixationmain: autoDraw = False
505.1732 	EXP 	text_2: autoDraw = True
506.3455 	DATA 	Keypress: down
506.4562 	EXP 	text_2: autoDraw = False
507.3427 	EXP 	New trial (rep=4, index=0): OrderedDict([('word', 'ĐỎ'), ('color', 'RED'), ('congruent', 1), ('corrans', 'left')])
507.3570 	EXP 	task_display: autoDraw = False
507.3570 	EXP 	text_2: autoDraw = False
507.3570 	EXP 	fixationmain: autoDraw = False
507.3570 	EXP 	task_display: autoDraw = False
507.3570 	EXP 	text_2: color = 'RED (named)'
507.3570 	EXP 	text_2: text = 'ĐỎ'
507.3570 	EXP 	task_display: color = 'white (named)'
507.3570 	EXP 	task_display: pos = array([-0.8,  0.8])
507.3570 	EXP 	task_display: text = 'Task session'
507.3570 	EXP 	task_display: font = 'Arial'
507.3570 	EXP 	task_display: height = 0.1
507.3570 	EXP 	fixationmain: autoDraw = True
507.3570 	EXP 	task_display: autoDraw = True
507.3570 	EXP 	task_display: text = 'Task session'
508.1563 	EXP 	fixationmain: autoDraw = False
508.1726 	EXP 	text_2: autoDraw = True
508.8780 	DATA 	Keypress: left
509.4557 	EXP 	text_2: autoDraw = False
510.3416 	EXP 	New trial (rep=4, index=1): OrderedDict([('word', 'XANH LÁ'), ('color', 'BLUE'), ('congruent', 1), ('corrans', 'right')])
510.3581 	EXP 	task_display: autoDraw = False
510.3581 	EXP 	text_2: autoDraw = False
510.3581 	EXP 	fixationmain: autoDraw = False
510.3581 	EXP 	task_display: autoDraw = False
510.3581 	EXP 	text_2: color = 'BLUE (named)'
510.3581 	EXP 	text_2: text = 'XANH LÁ'
510.3581 	EXP 	task_display: color = 'white (named)'
510.3581 	EXP 	task_display: pos = array([-0.8,  0.8])
510.3581 	EXP 	task_display: text = 'Task session'
510.3581 	EXP 	task_display: font = 'Arial'
510.3581 	EXP 	task_display: height = 0.1
510.3581 	EXP 	fixationmain: autoDraw = True
510.3581 	EXP 	task_display: autoDraw = True
510.3581 	EXP 	task_display: text = 'Task session'
511.1555 	EXP 	fixationmain: autoDraw = False
511.1719 	EXP 	text_2: autoDraw = True
512.2101 	DATA 	Keypress: down
512.4553 	EXP 	text_2: autoDraw = False
513.3417 	EXP 	New trial (rep=4, index=2): OrderedDict([('word', 'VÀNG'), ('color', 'RED'), ('congruent', 0), ('corrans', 'up')])
513.3567 	EXP 	task_display: autoDraw = False
513.3567 	EXP 	text_2: autoDraw = False
513.3567 	EXP 	fixationmain: autoDraw = False
513.3567 	EXP 	task_display: autoDraw = False
513.3567 	EXP 	text_2: color = 'RED (named)'
513.3567 	EXP 	text_2: text = 'VÀNG'
513.3567 	EXP 	task_display: color = 'white (named)'
513.3567 	EXP 	task_display: pos = array([-0.8,  0.8])
513.3567 	EXP 	task_display: text = 'Task session'
513.3567 	EXP 	task_display: font = 'Arial'
513.3567 	EXP 	task_display: height = 0.1
513.3567 	EXP 	fixationmain: autoDraw = True
513.3567 	EXP 	task_display: autoDraw = True
513.3567 	EXP 	task_display: text = 'Task session'
514.1551 	EXP 	fixationmain: autoDraw = False
514.1715 	EXP 	text_2: autoDraw = True
515.0764 	DATA 	Keypress: left
515.4547 	EXP 	text_2: autoDraw = False
516.3408 	EXP 	New trial (rep=4, index=3): OrderedDict([('word', 'ĐỎ'), ('color', 'YELLOW'), ('congruent', 0), ('corrans', 'left')])
516.3556 	EXP 	task_display: autoDraw = False
516.3556 	EXP 	text_2: autoDraw = False
516.3556 	EXP 	fixationmain: autoDraw = False
516.3556 	EXP 	task_display: autoDraw = False
516.3556 	EXP 	text_2: color = 'YELLOW (named)'
516.3556 	EXP 	text_2: text = 'ĐỎ'
516.3556 	EXP 	task_display: color = 'white (named)'
516.3556 	EXP 	task_display: pos = array([-0.8,  0.8])
516.3556 	EXP 	task_display: text = 'Task session'
516.3556 	EXP 	task_display: font = 'Arial'
516.3556 	EXP 	task_display: height = 0.1
516.3556 	EXP 	fixationmain: autoDraw = True
516.3556 	EXP 	task_display: autoDraw = True
516.3556 	EXP 	task_display: text = 'Task session'
517.1543 	EXP 	fixationmain: autoDraw = False
517.1711 	EXP 	text_2: autoDraw = True
518.1419 	DATA 	Keypress: up
518.4542 	EXP 	text_2: autoDraw = False
519.3405 	EXP 	New trial (rep=4, index=4): OrderedDict([('word', 'XANH DƯƠNG'), ('color', 'GREEN'), ('congruent', 1), ('corrans', 'down')])
519.3572 	EXP 	task_display: autoDraw = False
519.3572 	EXP 	text_2: autoDraw = False
519.3572 	EXP 	fixationmain: autoDraw = False
519.3572 	EXP 	task_display: autoDraw = False
519.3572 	EXP 	text_2: color = 'GREEN (named)'
519.3572 	EXP 	text_2: text = 'XANH DƯƠNG'
519.3572 	EXP 	task_display: color = 'white (named)'
519.3572 	EXP 	task_display: pos = array([-0.8,  0.8])
519.3572 	EXP 	task_display: text = 'Task session'
519.3572 	EXP 	task_display: font = 'Arial'
519.3572 	EXP 	task_display: height = 0.1
519.3572 	EXP 	fixationmain: autoDraw = True
519.3572 	EXP 	task_display: autoDraw = True
519.3572 	EXP 	task_display: text = 'Task session'
520.1538 	EXP 	fixationmain: autoDraw = False
520.1702 	EXP 	text_2: autoDraw = True
521.1925 	DATA 	Keypress: right
521.4531 	EXP 	text_2: autoDraw = False
522.3400 	EXP 	New trial (rep=5, index=0): OrderedDict([('word', 'XANH LÁ'), ('color', 'BLUE'), ('congruent', 1), ('corrans', 'right')])
522.3570 	EXP 	task_display: autoDraw = False
522.3570 	EXP 	text_2: autoDraw = False
522.3570 	EXP 	fixationmain: autoDraw = False
522.3570 	EXP 	task_display: autoDraw = False
522.3570 	EXP 	text_2: color = 'BLUE (named)'
522.3570 	EXP 	text_2: text = 'XANH LÁ'
522.3570 	EXP 	task_display: color = 'white (named)'
522.3570 	EXP 	task_display: pos = array([-0.8,  0.8])
522.3570 	EXP 	task_display: text = 'Task session'
522.3570 	EXP 	task_display: font = 'Arial'
522.3570 	EXP 	task_display: height = 0.1
522.3570 	EXP 	fixationmain: autoDraw = True
522.3570 	EXP 	task_display: autoDraw = True
522.3570 	EXP 	task_display: text = 'Task session'
523.1532 	EXP 	fixationmain: autoDraw = False
523.1698 	EXP 	text_2: autoDraw = True
523.9740 	DATA 	Keypress: down
524.4527 	EXP 	text_2: autoDraw = False
525.3396 	EXP 	New trial (rep=5, index=1): OrderedDict([('word', 'VÀNG'), ('color', 'RED'), ('congruent', 0), ('corrans', 'up')])
525.3545 	EXP 	task_display: autoDraw = False
525.3545 	EXP 	text_2: autoDraw = False
525.3545 	EXP 	fixationmain: autoDraw = False
525.3545 	EXP 	task_display: autoDraw = False
525.3545 	EXP 	text_2: color = 'RED (named)'
525.3545 	EXP 	text_2: text = 'VÀNG'
525.3545 	EXP 	task_display: color = 'white (named)'
525.3545 	EXP 	task_display: pos = array([-0.8,  0.8])
525.3545 	EXP 	task_display: text = 'Task session'
525.3545 	EXP 	task_display: font = 'Arial'
525.3545 	EXP 	task_display: height = 0.1
525.3545 	EXP 	fixationmain: autoDraw = True
525.3545 	EXP 	task_display: autoDraw = True
525.3545 	EXP 	task_display: text = 'Task session'
526.1526 	EXP 	fixationmain: autoDraw = False
526.1691 	EXP 	text_2: autoDraw = True
527.0579 	DATA 	Keypress: left
527.4523 	EXP 	text_2: autoDraw = False
528.3389 	EXP 	New trial (rep=5, index=2): OrderedDict([('word', 'ĐỎ'), ('color', 'RED'), ('congruent', 1), ('corrans', 'left')])
528.3529 	EXP 	task_display: autoDraw = False
528.3529 	EXP 	text_2: autoDraw = False
528.3529 	EXP 	fixationmain: autoDraw = False
528.3529 	EXP 	task_display: autoDraw = False
528.3529 	EXP 	text_2: color = 'RED (named)'
528.3529 	EXP 	text_2: text = 'ĐỎ'
528.3529 	EXP 	task_display: color = 'white (named)'
528.3529 	EXP 	task_display: pos = array([-0.8,  0.8])
528.3529 	EXP 	task_display: text = 'Task session'
528.3529 	EXP 	task_display: font = 'Arial'
528.3529 	EXP 	task_display: height = 0.1
528.3529 	EXP 	fixationmain: autoDraw = True
528.3529 	EXP 	task_display: autoDraw = True
528.3529 	EXP 	task_display: text = 'Task session'
529.1683 	EXP 	text_2: autoDraw = True
529.1683 	EXP 	fixationmain: autoDraw = False
529.9231 	DATA 	Keypress: left
530.4517 	EXP 	text_2: autoDraw = False
531.3375 	EXP 	New trial (rep=5, index=3): OrderedDict([('word', 'ĐỎ'), ('color', 'YELLOW'), ('congruent', 0), ('corrans', 'left')])
531.3518 	EXP 	task_display: autoDraw = False
531.3518 	EXP 	text_2: autoDraw = False
531.3518 	EXP 	fixationmain: autoDraw = False
531.3518 	EXP 	task_display: autoDraw = False
531.3518 	EXP 	text_2: color = 'YELLOW (named)'
531.3518 	EXP 	text_2: text = 'ĐỎ'
531.3518 	EXP 	task_display: color = 'white (named)'
531.3518 	EXP 	task_display: pos = array([-0.8,  0.8])
531.3518 	EXP 	task_display: text = 'Task session'
531.3518 	EXP 	task_display: font = 'Arial'
531.3518 	EXP 	task_display: height = 0.1
531.3518 	EXP 	fixationmain: autoDraw = True
531.3518 	EXP 	task_display: autoDraw = True
531.3518 	EXP 	task_display: text = 'Task session'
532.1513 	EXP 	fixationmain: autoDraw = False
532.1681 	EXP 	text_2: autoDraw = True
533.0216 	DATA 	Keypress: up
533.4511 	EXP 	text_2: autoDraw = False
534.3371 	EXP 	New trial (rep=5, index=4): OrderedDict([('word', 'XANH DƯƠNG'), ('color', 'GREEN'), ('congruent', 1), ('corrans', 'down')])
534.3542 	EXP 	task_display: autoDraw = False
534.3542 	EXP 	text_2: autoDraw = False
534.3542 	EXP 	fixationmain: autoDraw = False
534.3542 	EXP 	task_display: autoDraw = False
534.3542 	EXP 	text_2: color = 'GREEN (named)'
534.3542 	EXP 	text_2: text = 'XANH DƯƠNG'
534.3542 	EXP 	task_display: color = 'white (named)'
534.3542 	EXP 	task_display: pos = array([-0.8,  0.8])
534.3542 	EXP 	task_display: text = 'Task session'
534.3542 	EXP 	task_display: font = 'Arial'
534.3542 	EXP 	task_display: height = 0.1
534.3542 	EXP 	fixationmain: autoDraw = True
534.3542 	EXP 	task_display: autoDraw = True
534.3542 	EXP 	task_display: text = 'Task session'
535.1506 	EXP 	fixationmain: autoDraw = False
535.1672 	EXP 	text_2: autoDraw = True
536.4503 	EXP 	text_2: autoDraw = False
536.6214 	DATA 	Keypress: right
537.3506 	EXP 	task_display: autoDraw = False
537.3506 	EXP 	text_2: autoDraw = False
537.3506 	EXP 	fixationmain: autoDraw = False
537.3506 	EXP 	task_display: autoDraw = False
537.3506 	EXP 	rest_text: text = '+'
537.3506 	EXP 	rest_display: color = 'white (named)'
537.3506 	EXP 	rest_display: pos = array([-0.8,  0.8])
537.3506 	EXP 	rest_display: text = 'Rest Session'
537.3506 	EXP 	rest_display: font = 'Arial'
537.3506 	EXP 	rest_display: height = 0.1
537.3506 	EXP 	rest_text: autoDraw = True
537.3506 	EXP 	rest_display: autoDraw = True
537.3506 	EXP 	rest_display: text = 'Rest Session'
567.3448 	EXP 	Imported Stroopmain-short-conventional-5eventx3.xlsx as conditions, 5 conditions, 4 params
567.3452 	EXP 	Created sequence: random, trialTypes=5, nReps=6, seed=None
567.3455 	EXP 	New trial (rep=0, index=0): OrderedDict([('word', 'VÀNG'), ('color', 'YELLOW'), ('congruent', 1), ('corrans', 'up')])
567.3598 	EXP 	rest_text: autoDraw = False
567.3598 	EXP 	rest_display: autoDraw = False
567.3598 	EXP 	rest_text: autoDraw = False
567.3598 	EXP 	rest_display: autoDraw = False
567.3598 	EXP 	text_2: color = 'YELLOW (named)'
567.3598 	EXP 	text_2: text = 'VÀNG'
567.3598 	EXP 	task_display: color = 'white (named)'
567.3598 	EXP 	task_display: pos = array([-0.8,  0.8])
567.3598 	EXP 	task_display: text = 'Task session'
567.3598 	EXP 	task_display: font = 'Arial'
567.3598 	EXP 	task_display: height = 0.1
567.3598 	EXP 	fixationmain: autoDraw = True
567.3598 	EXP 	task_display: autoDraw = True
567.3598 	EXP 	task_display: text = 'Task session'
568.1614 	EXP 	fixationmain: autoDraw = False
568.1774 	EXP 	text_2: autoDraw = True
569.1827 	DATA 	Keypress: up
569.4605 	EXP 	text_2: autoDraw = False
570.3476 	EXP 	New trial (rep=0, index=1): OrderedDict([('word', 'ĐỎ'), ('color', 'RED'), ('congruent', 1), ('corrans', 'left')])
570.3624 	EXP 	task_display: autoDraw = False
570.3624 	EXP 	text_2: autoDraw = False
570.3624 	EXP 	fixationmain: autoDraw = False
570.3624 	EXP 	task_display: autoDraw = False
570.3624 	EXP 	text_2: color = 'RED (named)'
570.3624 	EXP 	text_2: text = 'ĐỎ'
570.3624 	EXP 	task_display: color = 'white (named)'
570.3624 	EXP 	task_display: pos = array([-0.8,  0.8])
570.3624 	EXP 	task_display: text = 'Task session'
570.3624 	EXP 	task_display: font = 'Arial'
570.3624 	EXP 	task_display: height = 0.1
570.3624 	EXP 	fixationmain: autoDraw = True
570.3624 	EXP 	task_display: autoDraw = True
570.3624 	EXP 	task_display: text = 'Task session'
571.1605 	EXP 	fixationmain: autoDraw = False
571.1777 	EXP 	text_2: autoDraw = True
571.8814 	DATA 	Keypress: left
572.4599 	EXP 	text_2: autoDraw = False
573.3458 	EXP 	New trial (rep=0, index=2): OrderedDict([('word', 'XANH DƯƠNG'), ('color', 'BLUE'), ('congruent', 0), ('corrans', 'right')])
573.3634 	EXP 	task_display: autoDraw = False
573.3634 	EXP 	text_2: autoDraw = False
573.3634 	EXP 	fixationmain: autoDraw = False
573.3634 	EXP 	task_display: autoDraw = False
573.3634 	EXP 	text_2: color = 'BLUE (named)'
573.3634 	EXP 	text_2: text = 'XANH DƯƠNG'
573.3634 	EXP 	task_display: color = 'white (named)'
573.3634 	EXP 	task_display: pos = array([-0.8,  0.8])
573.3634 	EXP 	task_display: text = 'Task session'
573.3634 	EXP 	task_display: font = 'Arial'
573.3634 	EXP 	task_display: height = 0.1
573.3634 	EXP 	fixationmain: autoDraw = True
573.3634 	EXP 	task_display: autoDraw = True
573.3634 	EXP 	task_display: text = 'Task session'
574.1594 	EXP 	fixationmain: autoDraw = False
574.1763 	EXP 	text_2: autoDraw = True
575.2654 	DATA 	Keypress: down
575.4593 	EXP 	text_2: autoDraw = False
576.3457 	EXP 	New trial (rep=0, index=3): OrderedDict([('word', 'XANH LÁ'), ('color', 'RED'), ('congruent', 0), ('corrans', 'right')])
576.3610 	EXP 	task_display: autoDraw = False
576.3610 	EXP 	text_2: autoDraw = False
576.3610 	EXP 	fixationmain: autoDraw = False
576.3610 	EXP 	task_display: autoDraw = False
576.3610 	EXP 	text_2: color = 'RED (named)'
576.3610 	EXP 	text_2: text = 'XANH LÁ'
576.3610 	EXP 	task_display: color = 'white (named)'
576.3610 	EXP 	task_display: pos = array([-0.8,  0.8])
576.3610 	EXP 	task_display: text = 'Task session'
576.3610 	EXP 	task_display: font = 'Arial'
576.3610 	EXP 	task_display: height = 0.1
576.3610 	EXP 	fixationmain: autoDraw = True
576.3610 	EXP 	task_display: autoDraw = True
576.3610 	EXP 	task_display: text = 'Task session'
577.1590 	EXP 	fixationmain: autoDraw = False
577.1758 	EXP 	text_2: autoDraw = True
578.3141 	DATA 	Keypress: left
578.4598 	EXP 	text_2: autoDraw = False
579.3449 	EXP 	New trial (rep=0, index=4): OrderedDict([('word', 'ĐỎ'), ('color', 'RED'), ('congruent', 1), ('corrans', 'left')])
579.3598 	EXP 	task_display: autoDraw = False
579.3598 	EXP 	text_2: autoDraw = False
579.3598 	EXP 	fixationmain: autoDraw = False
579.3598 	EXP 	task_display: autoDraw = False
579.3598 	EXP 	text_2: color = 'RED (named)'
579.3598 	EXP 	text_2: text = 'ĐỎ'
579.3598 	EXP 	task_display: color = 'white (named)'
579.3598 	EXP 	task_display: pos = array([-0.8,  0.8])
579.3598 	EXP 	task_display: text = 'Task session'
579.3598 	EXP 	task_display: font = 'Arial'
579.3598 	EXP 	task_display: height = 0.1
579.3598 	EXP 	fixationmain: autoDraw = True
579.3598 	EXP 	task_display: autoDraw = True
579.3598 	EXP 	task_display: text = 'Task session'
580.1584 	EXP 	fixationmain: autoDraw = False
580.1755 	EXP 	text_2: autoDraw = True
580.8803 	DATA 	Keypress: left
581.4584 	EXP 	text_2: autoDraw = False
582.3444 	EXP 	New trial (rep=1, index=0): OrderedDict([('word', 'ĐỎ'), ('color', 'RED'), ('congruent', 1), ('corrans', 'left')])
582.3581 	EXP 	task_display: autoDraw = False
582.3581 	EXP 	text_2: autoDraw = False
582.3581 	EXP 	fixationmain: autoDraw = False
582.3581 	EXP 	task_display: autoDraw = False
582.3581 	EXP 	text_2: color = 'RED (named)'
582.3581 	EXP 	text_2: text = 'ĐỎ'
582.3581 	EXP 	task_display: color = 'white (named)'
582.3581 	EXP 	task_display: pos = array([-0.8,  0.8])
582.3581 	EXP 	task_display: text = 'Task session'
582.3581 	EXP 	task_display: font = 'Arial'
582.3581 	EXP 	task_display: height = 0.1
582.3581 	EXP 	fixationmain: autoDraw = True
582.3581 	EXP 	task_display: autoDraw = True
582.3581 	EXP 	task_display: text = 'Task session'
583.1578 	EXP 	fixationmain: autoDraw = False
583.1748 	EXP 	text_2: autoDraw = True
583.7965 	DATA 	Keypress: left
584.4573 	EXP 	text_2: autoDraw = False
585.3443 	EXP 	New trial (rep=1, index=1): OrderedDict([('word', 'XANH LÁ'), ('color', 'RED'), ('congruent', 0), ('corrans', 'right')])
585.3610 	EXP 	task_display: autoDraw = False
585.3610 	EXP 	text_2: autoDraw = False
585.3610 	EXP 	fixationmain: autoDraw = False
585.3610 	EXP 	task_display: autoDraw = False
585.3610 	EXP 	text_2: color = 'RED (named)'
585.3610 	EXP 	text_2: text = 'XANH LÁ'
585.3610 	EXP 	task_display: color = 'white (named)'
585.3610 	EXP 	task_display: pos = array([-0.8,  0.8])
585.3610 	EXP 	task_display: text = 'Task session'
585.3610 	EXP 	task_display: font = 'Arial'
585.3610 	EXP 	task_display: height = 0.1
585.3610 	EXP 	fixationmain: autoDraw = True
585.3610 	EXP 	task_display: autoDraw = True
585.3610 	EXP 	task_display: text = 'Task session'
586.1573 	EXP 	fixationmain: autoDraw = False
586.1737 	EXP 	text_2: autoDraw = True
587.4460 	DATA 	Keypress: left
587.4571 	EXP 	text_2: autoDraw = False
588.3432 	EXP 	New trial (rep=1, index=2): OrderedDict([('word', 'VÀNG'), ('color', 'YELLOW'), ('congruent', 1), ('corrans', 'up')])
588.3586 	EXP 	task_display: autoDraw = False
588.3586 	EXP 	text_2: autoDraw = False
588.3586 	EXP 	fixationmain: autoDraw = False
588.3586 	EXP 	task_display: autoDraw = False
588.3586 	EXP 	text_2: color = 'YELLOW (named)'
588.3586 	EXP 	text_2: text = 'VÀNG'
588.3586 	EXP 	task_display: color = 'white (named)'
588.3586 	EXP 	task_display: pos = array([-0.8,  0.8])
588.3586 	EXP 	task_display: text = 'Task session'
588.3586 	EXP 	task_display: font = 'Arial'
588.3586 	EXP 	task_display: height = 0.1
588.3586 	EXP 	fixationmain: autoDraw = True
588.3586 	EXP 	task_display: autoDraw = True
588.3586 	EXP 	task_display: text = 'Task session'
589.1566 	EXP 	fixationmain: autoDraw = False
589.1729 	EXP 	text_2: autoDraw = True
590.0112 	DATA 	Keypress: up
590.4563 	EXP 	text_2: autoDraw = False
591.3427 	EXP 	New trial (rep=1, index=3): OrderedDict([('word', 'XANH DƯƠNG'), ('color', 'BLUE'), ('congruent', 0), ('corrans', 'right')])
591.3600 	EXP 	task_display: autoDraw = False
591.3600 	EXP 	text_2: autoDraw = False
591.3600 	EXP 	fixationmain: autoDraw = False
591.3600 	EXP 	task_display: autoDraw = False
591.3600 	EXP 	text_2: color = 'BLUE (named)'
591.3600 	EXP 	text_2: text = 'XANH DƯƠNG'
591.3600 	EXP 	task_display: color = 'white (named)'
591.3600 	EXP 	task_display: pos = array([-0.8,  0.8])
591.3600 	EXP 	task_display: text = 'Task session'
591.3600 	EXP 	task_display: font = 'Arial'
591.3600 	EXP 	task_display: height = 0.1
591.3600 	EXP 	fixationmain: autoDraw = True
591.3600 	EXP 	task_display: autoDraw = True
591.3600 	EXP 	task_display: text = 'Task session'
592.1558 	EXP 	fixationmain: autoDraw = False
592.1726 	EXP 	text_2: autoDraw = True
593.0938 	DATA 	Keypress: down
593.4560 	EXP 	text_2: autoDraw = False
594.3414 	EXP 	New trial (rep=1, index=4): OrderedDict([('word', 'ĐỎ'), ('color', 'RED'), ('congruent', 1), ('corrans', 'left')])
594.3555 	EXP 	task_display: autoDraw = False
594.3555 	EXP 	text_2: autoDraw = False
594.3555 	EXP 	fixationmain: autoDraw = False
594.3555 	EXP 	task_display: autoDraw = False
594.3555 	EXP 	text_2: color = 'RED (named)'
594.3555 	EXP 	text_2: text = 'ĐỎ'
594.3555 	EXP 	task_display: color = 'white (named)'
594.3555 	EXP 	task_display: pos = array([-0.8,  0.8])
594.3555 	EXP 	task_display: text = 'Task session'
594.3555 	EXP 	task_display: font = 'Arial'
594.3555 	EXP 	task_display: height = 0.1
594.3555 	EXP 	fixationmain: autoDraw = True
594.3555 	EXP 	task_display: autoDraw = True
594.3555 	EXP 	task_display: text = 'Task session'
595.1554 	EXP 	fixationmain: autoDraw = False
595.1720 	EXP 	text_2: autoDraw = True
595.8097 	DATA 	Keypress: left
596.4553 	EXP 	text_2: autoDraw = False
597.3408 	EXP 	New trial (rep=2, index=0): OrderedDict([('word', 'XANH LÁ'), ('color', 'RED'), ('congruent', 0), ('corrans', 'right')])
597.3573 	EXP 	task_display: autoDraw = False
597.3573 	EXP 	text_2: autoDraw = False
597.3573 	EXP 	fixationmain: autoDraw = False
597.3573 	EXP 	task_display: autoDraw = False
597.3573 	EXP 	text_2: color = 'RED (named)'
597.3573 	EXP 	text_2: text = 'XANH LÁ'
597.3573 	EXP 	task_display: color = 'white (named)'
597.3573 	EXP 	task_display: pos = array([-0.8,  0.8])
597.3573 	EXP 	task_display: text = 'Task session'
597.3573 	EXP 	task_display: font = 'Arial'
597.3573 	EXP 	task_display: height = 0.1
597.3573 	EXP 	fixationmain: autoDraw = True
597.3573 	EXP 	task_display: autoDraw = True
597.3573 	EXP 	task_display: text = 'Task session'
598.1549 	EXP 	fixationmain: autoDraw = False
598.1714 	EXP 	text_2: autoDraw = True
599.2594 	DATA 	Keypress: left
599.4547 	EXP 	text_2: autoDraw = False
600.3408 	EXP 	New trial (rep=2, index=1): OrderedDict([('word', 'VÀNG'), ('color', 'YELLOW'), ('congruent', 1), ('corrans', 'up')])
600.3560 	EXP 	task_display: autoDraw = False
600.3560 	EXP 	text_2: autoDraw = False
600.3560 	EXP 	fixationmain: autoDraw = False
600.3560 	EXP 	task_display: autoDraw = False
600.3560 	EXP 	text_2: color = 'YELLOW (named)'
600.3560 	EXP 	text_2: text = 'VÀNG'
600.3560 	EXP 	task_display: color = 'white (named)'
600.3560 	EXP 	task_display: pos = array([-0.8,  0.8])
600.3560 	EXP 	task_display: text = 'Task session'
600.3560 	EXP 	task_display: font = 'Arial'
600.3560 	EXP 	task_display: height = 0.1
600.3560 	EXP 	fixationmain: autoDraw = True
600.3560 	EXP 	task_display: autoDraw = True
600.3560 	EXP 	task_display: text = 'Task session'
601.1543 	EXP 	fixationmain: autoDraw = False
601.1710 	EXP 	text_2: autoDraw = True
602.0915 	DATA 	Keypress: up
602.4542 	EXP 	text_2: autoDraw = False
603.3404 	EXP 	New trial (rep=2, index=2): OrderedDict([('word', 'ĐỎ'), ('color', 'RED'), ('congruent', 1), ('corrans', 'left')])
603.3551 	EXP 	task_display: autoDraw = False
603.3551 	EXP 	text_2: autoDraw = False
603.3551 	EXP 	fixationmain: autoDraw = False
603.3551 	EXP 	task_display: autoDraw = False
603.3551 	EXP 	text_2: color = 'RED (named)'
603.3551 	EXP 	text_2: text = 'ĐỎ'
603.3551 	EXP 	task_display: color = 'white (named)'
603.3551 	EXP 	task_display: pos = array([-0.8,  0.8])
603.3551 	EXP 	task_display: text = 'Task session'
603.3551 	EXP 	task_display: font = 'Arial'
603.3551 	EXP 	task_display: height = 0.1
603.3551 	EXP 	fixationmain: autoDraw = True
603.3551 	EXP 	task_display: autoDraw = True
603.3551 	EXP 	task_display: text = 'Task session'
604.1538 	EXP 	fixationmain: autoDraw = False
604.1703 	EXP 	text_2: autoDraw = True
604.7425 	DATA 	Keypress: left
605.4533 	EXP 	text_2: autoDraw = False
606.3396 	EXP 	New trial (rep=2, index=3): OrderedDict([('word', 'ĐỎ'), ('color', 'RED'), ('congruent', 1), ('corrans', 'left')])
606.3532 	EXP 	task_display: autoDraw = False
606.3532 	EXP 	text_2: autoDraw = False
606.3532 	EXP 	fixationmain: autoDraw = False
606.3532 	EXP 	task_display: autoDraw = False
606.3532 	EXP 	text_2: color = 'RED (named)'
606.3532 	EXP 	text_2: text = 'ĐỎ'
606.3532 	EXP 	task_display: color = 'white (named)'
606.3532 	EXP 	task_display: pos = array([-0.8,  0.8])
606.3532 	EXP 	task_display: text = 'Task session'
606.3532 	EXP 	task_display: font = 'Arial'
606.3532 	EXP 	task_display: height = 0.1
606.3532 	EXP 	fixationmain: autoDraw = True
606.3532 	EXP 	task_display: autoDraw = True
606.3532 	EXP 	task_display: text = 'Task session'
607.1532 	EXP 	fixationmain: autoDraw = False
607.1696 	EXP 	text_2: autoDraw = True
607.6919 	DATA 	Keypress: left
608.4524 	EXP 	text_2: autoDraw = False
609.3394 	EXP 	New trial (rep=2, index=4): OrderedDict([('word', 'XANH DƯƠNG'), ('color', 'BLUE'), ('congruent', 0), ('corrans', 'right')])
609.3570 	EXP 	task_display: autoDraw = False
609.3570 	EXP 	text_2: autoDraw = False
609.3570 	EXP 	fixationmain: autoDraw = False
609.3570 	EXP 	task_display: autoDraw = False
609.3570 	EXP 	text_2: color = 'BLUE (named)'
609.3570 	EXP 	text_2: text = 'XANH DƯƠNG'
609.3570 	EXP 	task_display: color = 'white (named)'
609.3570 	EXP 	task_display: pos = array([-0.8,  0.8])
609.3570 	EXP 	task_display: text = 'Task session'
609.3570 	EXP 	task_display: font = 'Arial'
609.3570 	EXP 	task_display: height = 0.1
609.3570 	EXP 	fixationmain: autoDraw = True
609.3570 	EXP 	task_display: autoDraw = True
609.3570 	EXP 	task_display: text = 'Task session'
610.1526 	EXP 	fixationmain: autoDraw = False
610.1691 	EXP 	text_2: autoDraw = True
611.0566 	DATA 	Keypress: down
611.4523 	EXP 	text_2: autoDraw = False
612.3382 	EXP 	New trial (rep=3, index=0): OrderedDict([('word', 'XANH LÁ'), ('color', 'RED'), ('congruent', 0), ('corrans', 'right')])
612.3557 	EXP 	task_display: autoDraw = False
612.3557 	EXP 	text_2: autoDraw = False
612.3557 	EXP 	fixationmain: autoDraw = False
612.3557 	EXP 	task_display: autoDraw = False
612.3557 	EXP 	text_2: color = 'RED (named)'
612.3557 	EXP 	text_2: text = 'XANH LÁ'
612.3557 	EXP 	task_display: color = 'white (named)'
612.3557 	EXP 	task_display: pos = array([-0.8,  0.8])
612.3557 	EXP 	task_display: text = 'Task session'
612.3557 	EXP 	task_display: font = 'Arial'
612.3557 	EXP 	task_display: height = 0.1
612.3557 	EXP 	fixationmain: autoDraw = True
612.3557 	EXP 	task_display: autoDraw = True
612.3557 	EXP 	task_display: text = 'Task session'
613.1519 	EXP 	fixationmain: autoDraw = False
613.1683 	EXP 	text_2: autoDraw = True
614.0736 	DATA 	Keypress: left
614.4515 	EXP 	text_2: autoDraw = False
615.3383 	EXP 	New trial (rep=3, index=1): OrderedDict([('word', 'ĐỎ'), ('color', 'RED'), ('congruent', 1), ('corrans', 'left')])
615.3526 	EXP 	task_display: autoDraw = False
615.3526 	EXP 	text_2: autoDraw = False
615.3526 	EXP 	fixationmain: autoDraw = False
615.3526 	EXP 	task_display: autoDraw = False
615.3526 	EXP 	text_2: color = 'RED (named)'
615.3526 	EXP 	text_2: text = 'ĐỎ'
615.3526 	EXP 	task_display: color = 'white (named)'
615.3526 	EXP 	task_display: pos = array([-0.8,  0.8])
615.3526 	EXP 	task_display: text = 'Task session'
615.3526 	EXP 	task_display: font = 'Arial'
615.3526 	EXP 	task_display: height = 0.1
615.3526 	EXP 	fixationmain: autoDraw = True
615.3526 	EXP 	task_display: autoDraw = True
615.3526 	EXP 	task_display: text = 'Task session'
616.1516 	EXP 	fixationmain: autoDraw = False
616.1679 	EXP 	text_2: autoDraw = True
616.7221 	DATA 	Keypress: left
617.4510 	EXP 	text_2: autoDraw = False
618.3380 	EXP 	New trial (rep=3, index=2): OrderedDict([('word', 'VÀNG'), ('color', 'YELLOW'), ('congruent', 1), ('corrans', 'up')])
618.3543 	EXP 	task_display: autoDraw = False
618.3543 	EXP 	text_2: autoDraw = False
618.3543 	EXP 	fixationmain: autoDraw = False
618.3543 	EXP 	task_display: autoDraw = False
618.3543 	EXP 	text_2: color = 'YELLOW (named)'
618.3543 	EXP 	text_2: text = 'VÀNG'
618.3543 	EXP 	task_display: color = 'white (named)'
618.3543 	EXP 	task_display: pos = array([-0.8,  0.8])
618.3543 	EXP 	task_display: text = 'Task session'
618.3543 	EXP 	task_display: font = 'Arial'
618.3543 	EXP 	task_display: height = 0.1
618.3543 	EXP 	fixationmain: autoDraw = True
618.3543 	EXP 	task_display: autoDraw = True
618.3543 	EXP 	task_display: text = 'Task session'
619.1513 	EXP 	fixationmain: autoDraw = False
619.1674 	EXP 	text_2: autoDraw = True
620.0212 	DATA 	Keypress: up
620.4503 	EXP 	text_2: autoDraw = False
621.3363 	EXP 	New trial (rep=3, index=3): OrderedDict([('word', 'ĐỎ'), ('color', 'RED'), ('congruent', 1), ('corrans', 'left')])
621.3515 	EXP 	task_display: autoDraw = False
621.3515 	EXP 	text_2: autoDraw = False
621.3515 	EXP 	fixationmain: autoDraw = False
621.3515 	EXP 	task_display: autoDraw = False
621.3515 	EXP 	text_2: color = 'RED (named)'
621.3515 	EXP 	text_2: text = 'ĐỎ'
621.3515 	EXP 	task_display: color = 'white (named)'
621.3515 	EXP 	task_display: pos = array([-0.8,  0.8])
621.3515 	EXP 	task_display: text = 'Task session'
621.3515 	EXP 	task_display: font = 'Arial'
621.3515 	EXP 	task_display: height = 0.1
621.3515 	EXP 	fixationmain: autoDraw = True
621.3515 	EXP 	task_display: autoDraw = True
621.3515 	EXP 	task_display: text = 'Task session'
622.1500 	EXP 	fixationmain: autoDraw = False
622.1668 	EXP 	text_2: autoDraw = True
622.7376 	DATA 	Keypress: left
623.4496 	EXP 	text_2: autoDraw = False
624.3363 	EXP 	New trial (rep=3, index=4): OrderedDict([('word', 'XANH DƯƠNG'), ('color', 'BLUE'), ('congruent', 0), ('corrans', 'right')])
624.3545 	EXP 	task_display: autoDraw = False
624.3545 	EXP 	text_2: autoDraw = False
624.3545 	EXP 	fixationmain: autoDraw = False
624.3545 	EXP 	task_display: autoDraw = False
624.3545 	EXP 	text_2: color = 'BLUE (named)'
624.3545 	EXP 	text_2: text = 'XANH DƯƠNG'
624.3545 	EXP 	task_display: color = 'white (named)'
624.3545 	EXP 	task_display: pos = array([-0.8,  0.8])
624.3545 	EXP 	task_display: text = 'Task session'
624.3545 	EXP 	task_display: font = 'Arial'
624.3545 	EXP 	task_display: height = 0.1
624.3545 	EXP 	fixationmain: autoDraw = True
624.3545 	EXP 	task_display: autoDraw = True
624.3545 	EXP 	task_display: text = 'Task session'
625.1496 	EXP 	fixationmain: autoDraw = False
625.1661 	EXP 	text_2: autoDraw = True
626.0370 	DATA 	Keypress: down
626.4494 	EXP 	text_2: autoDraw = False
627.3359 	EXP 	New trial (rep=4, index=0): OrderedDict([('word', 'ĐỎ'), ('color', 'RED'), ('congruent', 1), ('corrans', 'left')])
627.3501 	EXP 	task_display: autoDraw = False
627.3501 	EXP 	text_2: autoDraw = False
627.3501 	EXP 	fixationmain: autoDraw = False
627.3501 	EXP 	task_display: autoDraw = False
627.3501 	EXP 	text_2: color = 'RED (named)'
627.3501 	EXP 	text_2: text = 'ĐỎ'
627.3501 	EXP 	task_display: color = 'white (named)'
627.3501 	EXP 	task_display: pos = array([-0.8,  0.8])
627.3501 	EXP 	task_display: text = 'Task session'
627.3501 	EXP 	task_display: font = 'Arial'
627.3501 	EXP 	task_display: height = 0.1
627.3501 	EXP 	fixationmain: autoDraw = True
627.3501 	EXP 	task_display: autoDraw = True
627.3501 	EXP 	task_display: text = 'Task session'
628.1489 	EXP 	fixationmain: autoDraw = False
628.1657 	EXP 	text_2: autoDraw = True
628.6371 	DATA 	Keypress: left
629.4485 	EXP 	text_2: autoDraw = False
630.3358 	EXP 	New trial (rep=4, index=1): OrderedDict([('word', 'VÀNG'), ('color', 'YELLOW'), ('congruent', 1), ('corrans', 'up')])
630.3532 	EXP 	task_display: autoDraw = False
630.3532 	EXP 	text_2: autoDraw = False
630.3532 	EXP 	fixationmain: autoDraw = False
630.3532 	EXP 	task_display: autoDraw = False
630.3532 	EXP 	text_2: color = 'YELLOW (named)'
630.3532 	EXP 	text_2: text = 'VÀNG'
630.3532 	EXP 	task_display: color = 'white (named)'
630.3532 	EXP 	task_display: pos = array([-0.8,  0.8])
630.3532 	EXP 	task_display: text = 'Task session'
630.3532 	EXP 	task_display: font = 'Arial'
630.3532 	EXP 	task_display: height = 0.1
630.3532 	EXP 	fixationmain: autoDraw = True
630.3532 	EXP 	task_display: autoDraw = True
630.3532 	EXP 	task_display: text = 'Task session'
631.1482 	EXP 	fixationmain: autoDraw = False
631.1652 	EXP 	text_2: autoDraw = True
631.8704 	DATA 	Keypress: up
632.4481 	EXP 	text_2: autoDraw = False
633.3338 	EXP 	New trial (rep=4, index=2): OrderedDict([('word', 'XANH DƯƠNG'), ('color', 'BLUE'), ('congruent', 0), ('corrans', 'right')])
633.3512 	EXP 	task_display: autoDraw = False
633.3512 	EXP 	text_2: autoDraw = False
633.3512 	EXP 	fixationmain: autoDraw = False
633.3512 	EXP 	task_display: autoDraw = False
633.3512 	EXP 	text_2: color = 'BLUE (named)'
633.3512 	EXP 	text_2: text = 'XANH DƯƠNG'
633.3512 	EXP 	task_display: color = 'white (named)'
633.3512 	EXP 	task_display: pos = array([-0.8,  0.8])
633.3512 	EXP 	task_display: text = 'Task session'
633.3512 	EXP 	task_display: font = 'Arial'
633.3512 	EXP 	task_display: height = 0.1
633.3512 	EXP 	fixationmain: autoDraw = True
633.3512 	EXP 	task_display: autoDraw = True
633.3512 	EXP 	task_display: text = 'Task session'
634.1482 	EXP 	fixationmain: autoDraw = False
634.1649 	EXP 	text_2: autoDraw = True
635.1032 	DATA 	Keypress: down
635.4482 	EXP 	text_2: autoDraw = False
636.3341 	EXP 	New trial (rep=4, index=3): OrderedDict([('word', 'ĐỎ'), ('color', 'RED'), ('congruent', 1), ('corrans', 'left')])
636.3497 	EXP 	task_display: autoDraw = False
636.3497 	EXP 	text_2: autoDraw = False
636.3497 	EXP 	fixationmain: autoDraw = False
636.3497 	EXP 	task_display: autoDraw = False
636.3497 	EXP 	text_2: color = 'RED (named)'
636.3497 	EXP 	text_2: text = 'ĐỎ'
636.3497 	EXP 	task_display: color = 'white (named)'
636.3497 	EXP 	task_display: pos = array([-0.8,  0.8])
636.3497 	EXP 	task_display: text = 'Task session'
636.3497 	EXP 	task_display: font = 'Arial'
636.3497 	EXP 	task_display: height = 0.1
636.3497 	EXP 	fixationmain: autoDraw = True
636.3497 	EXP 	task_display: autoDraw = True
636.3497 	EXP 	task_display: text = 'Task session'
637.1471 	EXP 	fixationmain: autoDraw = False
637.1640 	EXP 	text_2: autoDraw = True
637.6847 	DATA 	Keypress: left
638.4469 	EXP 	text_2: autoDraw = False
639.3331 	EXP 	New trial (rep=4, index=4): OrderedDict([('word', 'XANH LÁ'), ('color', 'RED'), ('congruent', 0), ('corrans', 'right')])
639.3510 	EXP 	task_display: autoDraw = False
639.3510 	EXP 	text_2: autoDraw = False
639.3510 	EXP 	fixationmain: autoDraw = False
639.3510 	EXP 	task_display: autoDraw = False
639.3510 	EXP 	text_2: color = 'RED (named)'
639.3510 	EXP 	text_2: text = 'XANH LÁ'
639.3510 	EXP 	task_display: color = 'white (named)'
639.3510 	EXP 	task_display: pos = array([-0.8,  0.8])
639.3510 	EXP 	task_display: text = 'Task session'
639.3510 	EXP 	task_display: font = 'Arial'
639.3510 	EXP 	task_display: height = 0.1
639.3510 	EXP 	fixationmain: autoDraw = True
639.3510 	EXP 	task_display: autoDraw = True
639.3510 	EXP 	task_display: text = 'Task session'
640.1463 	EXP 	fixationmain: autoDraw = False
640.1634 	EXP 	text_2: autoDraw = True
641.3680 	DATA 	Keypress: left
641.4460 	EXP 	text_2: autoDraw = False
642.3328 	EXP 	New trial (rep=5, index=0): OrderedDict([('word', 'XANH DƯƠNG'), ('color', 'BLUE'), ('congruent', 0), ('corrans', 'right')])
642.3492 	EXP 	task_display: autoDraw = False
642.3492 	EXP 	text_2: autoDraw = False
642.3492 	EXP 	fixationmain: autoDraw = False
642.3492 	EXP 	task_display: autoDraw = False
642.3492 	EXP 	text_2: color = 'BLUE (named)'
642.3492 	EXP 	text_2: text = 'XANH DƯƠNG'
642.3492 	EXP 	task_display: color = 'white (named)'
642.3492 	EXP 	task_display: pos = array([-0.8,  0.8])
642.3492 	EXP 	task_display: text = 'Task session'
642.3492 	EXP 	task_display: font = 'Arial'
642.3492 	EXP 	task_display: height = 0.1
642.3492 	EXP 	fixationmain: autoDraw = True
642.3492 	EXP 	task_display: autoDraw = True
642.3492 	EXP 	task_display: text = 'Task session'
643.1457 	EXP 	fixationmain: autoDraw = False
643.1626 	EXP 	text_2: autoDraw = True
644.0009 	DATA 	Keypress: down
644.4456 	EXP 	text_2: autoDraw = False
645.3314 	EXP 	New trial (rep=5, index=1): OrderedDict([('word', 'XANH LÁ'), ('color', 'RED'), ('congruent', 0), ('corrans', 'right')])
645.3479 	EXP 	task_display: autoDraw = False
645.3479 	EXP 	text_2: autoDraw = False
645.3479 	EXP 	fixationmain: autoDraw = False
645.3479 	EXP 	task_display: autoDraw = False
645.3479 	EXP 	text_2: color = 'RED (named)'
645.3479 	EXP 	text_2: text = 'XANH LÁ'
645.3479 	EXP 	task_display: color = 'white (named)'
645.3479 	EXP 	task_display: pos = array([-0.8,  0.8])
645.3479 	EXP 	task_display: text = 'Task session'
645.3479 	EXP 	task_display: font = 'Arial'
645.3479 	EXP 	task_display: height = 0.1
645.3479 	EXP 	fixationmain: autoDraw = True
645.3479 	EXP 	task_display: autoDraw = True
645.3479 	EXP 	task_display: text = 'Task session'
646.1454 	EXP 	fixationmain: autoDraw = False
646.1621 	EXP 	text_2: autoDraw = True
647.2832 	DATA 	Keypress: left
647.4451 	EXP 	text_2: autoDraw = False
648.3314 	EXP 	New trial (rep=5, index=2): OrderedDict([('word', 'ĐỎ'), ('color', 'RED'), ('congruent', 1), ('corrans', 'left')])
648.3458 	EXP 	task_display: autoDraw = False
648.3458 	EXP 	text_2: autoDraw = False
648.3458 	EXP 	fixationmain: autoDraw = False
648.3458 	EXP 	task_display: autoDraw = False
648.3458 	EXP 	text_2: color = 'RED (named)'
648.3458 	EXP 	text_2: text = 'ĐỎ'
648.3458 	EXP 	task_display: color = 'white (named)'
648.3458 	EXP 	task_display: pos = array([-0.8,  0.8])
648.3458 	EXP 	task_display: text = 'Task session'
648.3458 	EXP 	task_display: font = 'Arial'
648.3458 	EXP 	task_display: height = 0.1
648.3458 	EXP 	fixationmain: autoDraw = True
648.3458 	EXP 	task_display: autoDraw = True
648.3458 	EXP 	task_display: text = 'Task session'
649.1449 	EXP 	fixationmain: autoDraw = False
649.1617 	EXP 	text_2: autoDraw = True
649.8329 	DATA 	Keypress: left
650.4444 	EXP 	text_2: autoDraw = False
651.3305 	EXP 	New trial (rep=5, index=3): OrderedDict([('word', 'ĐỎ'), ('color', 'RED'), ('congruent', 1), ('corrans', 'left')])
651.3447 	EXP 	task_display: autoDraw = False
651.3447 	EXP 	text_2: autoDraw = False
651.3447 	EXP 	fixationmain: autoDraw = False
651.3447 	EXP 	task_display: autoDraw = False
651.3447 	EXP 	text_2: color = 'RED (named)'
651.3447 	EXP 	text_2: text = 'ĐỎ'
651.3447 	EXP 	task_display: color = 'white (named)'
651.3447 	EXP 	task_display: pos = array([-0.8,  0.8])
651.3447 	EXP 	task_display: text = 'Task session'
651.3447 	EXP 	task_display: font = 'Arial'
651.3447 	EXP 	task_display: height = 0.1
651.3447 	EXP 	fixationmain: autoDraw = True
651.3447 	EXP 	task_display: autoDraw = True
651.3447 	EXP 	task_display: text = 'Task session'
652.1442 	EXP 	fixationmain: autoDraw = False
652.1611 	EXP 	text_2: autoDraw = True
652.6489 	DATA 	Keypress: left
653.4439 	EXP 	text_2: autoDraw = False
654.3300 	EXP 	New trial (rep=5, index=4): OrderedDict([('word', 'VÀNG'), ('color', 'YELLOW'), ('congruent', 1), ('corrans', 'up')])
654.3451 	EXP 	task_display: autoDraw = False
654.3451 	EXP 	text_2: autoDraw = False
654.3451 	EXP 	fixationmain: autoDraw = False
654.3451 	EXP 	task_display: autoDraw = False
654.3451 	EXP 	text_2: color = 'YELLOW (named)'
654.3451 	EXP 	text_2: text = 'VÀNG'
654.3451 	EXP 	task_display: color = 'white (named)'
654.3451 	EXP 	task_display: pos = array([-0.8,  0.8])
654.3451 	EXP 	task_display: text = 'Task session'
654.3451 	EXP 	task_display: font = 'Arial'
654.3451 	EXP 	task_display: height = 0.1
654.3451 	EXP 	fixationmain: autoDraw = True
654.3451 	EXP 	task_display: autoDraw = True
654.3451 	EXP 	task_display: text = 'Task session'
655.1435 	EXP 	fixationmain: autoDraw = False
655.1604 	EXP 	text_2: autoDraw = True
656.1148 	DATA 	Keypress: right
656.4433 	EXP 	text_2: autoDraw = False
657.3439 	EXP 	task_display: autoDraw = False
657.3439 	EXP 	text_2: autoDraw = False
657.3439 	EXP 	fixationmain: autoDraw = False
657.3439 	EXP 	task_display: autoDraw = False
657.3439 	EXP 	rest_text: text = '+'
657.3439 	EXP 	rest_display: color = 'white (named)'
657.3439 	EXP 	rest_display: pos = array([-0.8,  0.8])
657.3439 	EXP 	rest_display: text = 'Rest Session'
657.3439 	EXP 	rest_display: font = 'Arial'
657.3439 	EXP 	rest_display: height = 0.1
657.3439 	EXP 	rest_text: autoDraw = True
657.3439 	EXP 	rest_display: autoDraw = True
657.3439 	EXP 	rest_display: text = 'Rest Session'
687.3375 	EXP 	rest_text: autoDraw = False
687.3375 	EXP 	rest_display: autoDraw = False
687.3375 	EXP 	rest_text: autoDraw = False
687.3375 	EXP 	rest_display: autoDraw = False
687.4787 	EXP 	window1: mouseVisible = True
