22.7470 	EXP 	Created window1 = Window(allowGUI=True, allowStencil=False, args=UNKNOWN, autoLog=True, bitsMode=UNKNOWN, blendMode='avg', color=array([0., 0., 0.]), colorSpace='rgb', fullscr=<method-wrapper '__getattribute__' of attributeSetter object at 0x000001BF381CE3C8>, gamma=None, kwargs=UNKNOWN, lms=UNKNOWN, monitor=<psychopy.monitors.calibTools.Monitor object at 0x000001BF37FA2438>, multiSample=False, name='window1', numSamples=2, pos=[192.0, 108.0], screen=0, size=array([1536,  864]), stereo=False, units='norm', useFBO=True, useRetina=False, viewOri=0.0, viewPos=None, viewScale=None, waitBlanking=True, winType='pyglet')
22.7471 	EXP 	window1: recordFrameIntervals = False
22.9135 	EXP 	window1: recordFrameIntervals = True
23.0967 	EXP 	window1: recordFrameIntervals = False
23.3934 	EXP 	Created intro_text = TextStim(__class__=<class 'psychopy.visual.text.TextStim'>, alignHoriz='center', alignVert='center', antialias=True, autoLog=True, bold=False, color='white', colorSpace='named', contrast=1.0, depth=0.0, flipHoriz=False, flipVert=False, font='Arial', fontFiles=[], height=0.1, italic=False, languageStyle='LTR', name='intro_text', opacity=1.0, ori=0, pos=array([0., 0.]), rgb=array([255., 255., 255.]), text='Stroop Colored Word Task', units='norm', win=Window(...), wrapWidth=1)
23.4595 	EXP 	Created text = TextStim(__class__=<class 'psychopy.visual.text.TextStim'>, alignHoriz='center', alignVert='center', antialias=True, autoLog=True, bold=False, color='white', colorSpace='named', contrast=1.0, depth=0.0, flipHoriz=False, flipVert=False, font='Arial', fontFiles=[], height=0.1, italic=False, languageStyle='LTR', name='text', opacity=1.0, ori=0, pos=array([0., 0.]), rgb=array([255., 255., 255.]), text=str(...), units='norm', win=Window(...), wrapWidth=1)
23.4831 	EXP 	Created ready_text = TextStim(__class__=<class 'psychopy.visual.text.TextStim'>, alignHoriz='center', alignVert='center', antialias=True, autoLog=True, bold=False, color='white', colorSpace='named', contrast=1.0, depth=0.0, flipHoriz=False, flipVert=False, font='Arial', fontFiles=[], height=0.1, italic=False, languageStyle='LTR', name='ready_text', opacity=1.0, ori=0, pos=array([0., 0.]), rgb=array([255., 255., 255.]), text='Are you ready ?\n\nYou have 3s for each word', units='norm', win=Window(...), wrapWidth=1)
23.4874 	EXP 	Created trial_text = TextStim(__class__=<class 'psychopy.visual.text.TextStim'>, alignHoriz='center', alignVert='center', antialias=True, autoLog=True, bold=False, color='white', colorSpace='named', contrast=1.0, depth=-1.0, flipHoriz=False, flipVert=False, font='Arial', fontFiles=[], height=0.1, italic=False, languageStyle='LTR', name='trial_text', opacity=1.0, ori=0, pos=array([0., 0.]), rgb=array([255., 255., 255.]), text='default text', units='norm', win=Window(...), wrapWidth=1)
23.4931 	EXP 	Created fixationtrial = TextStim(__class__=<class 'psychopy.visual.text.TextStim'>, alignHoriz='center', alignVert='center', antialias=True, autoLog=True, bold=False, color='white', colorSpace='named', contrast=1.0, depth=-3.0, flipHoriz=False, flipVert=False, font='Arial', fontFiles=[], height=0.1, italic=False, languageStyle='LTR', name='fixationtrial', opacity=1.0, ori=0, pos=array([0., 0.]), rgb=array([255., 255., 255.]), text='+', units='norm', win=Window(...), wrapWidth=1)
23.7667 	EXP 	Created trial_display = TextStim(__class__=<class 'psychopy.visual.text.TextStim'>, alignHoriz='center', alignVert='center', antialias=True, autoLog=True, bold=False, color='white', colorSpace='named', contrast=1.0, depth=-4.0, flipHoriz=False, flipVert=False, font='Arial', fontFiles=[], height=1.0, italic=False, languageStyle='LTR', name='trial_display', opacity=1.0, ori=0, pos=array([0., 0.]), rgb=array([255., 255., 255.]), text='default text', units='norm', win=Window(...), wrapWidth=1)
23.7708 	EXP 	Created rest_text = TextStim(__class__=<class 'psychopy.visual.text.TextStim'>, alignHoriz='center', alignVert='center', antialias=True, autoLog=True, bold=False, color='white', colorSpace='named', contrast=1.0, depth=0.0, flipHoriz=False, flipVert=False, font='Arial', fontFiles=[], height=0.1, italic=False, languageStyle='LTR', name='rest_text', opacity=1.0, ori=0, pos=array([0., 0.]), rgb=array([255., 255., 255.]), text='default text', units='norm', win=Window(...), wrapWidth=1)
23.8720 	EXP 	Sound  set volume 1.000
23.8721 	EXP 	Sound  set volume 1.000
23.8774 	EXP 	Created rest_display = TextStim(__class__=<class 'psychopy.visual.text.TextStim'>, alignHoriz='center', alignVert='center', antialias=True, autoLog=True, bold=False, color='white', colorSpace='named', contrast=1.0, depth=-4.0, flipHoriz=False, flipVert=False, font='Arial', fontFiles=[], height=1.0, italic=False, languageStyle='LTR', name='rest_display', opacity=1.0, ori=0, pos=array([0., 0.]), rgb=array([255., 255., 255.]), text='default text', units='norm', win=Window(...), wrapWidth=1)
23.8815 	EXP 	Created text_2 = TextStim(__class__=<class 'psychopy.visual.text.TextStim'>, alignHoriz='center', alignVert='center', antialias=True, autoLog=True, bold=False, color='white', colorSpace='named', contrast=1.0, depth=0.0, flipHoriz=False, flipVert=False, font='Arial', fontFiles=[], height=0.1, italic=False, languageStyle='LTR', name='text_2', opacity=1.0, ori=0, pos=array([0., 0.]), rgb=array([255., 255., 255.]), text='default text', units='norm', win=Window(...), wrapWidth=1)
23.8835 	EXP 	Created fixationmain = TextStim(__class__=<class 'psychopy.visual.text.TextStim'>, alignHoriz='center', alignVert='center', antialias=True, autoLog=True, bold=False, color='white', colorSpace='named', contrast=1.0, depth=-1.0, flipHoriz=False, flipVert=False, font='Arial', fontFiles=[], height=0.1, italic=False, languageStyle='LTR', name='fixationmain', opacity=1.0, ori=0, pos=array([0., 0.]), rgb=array([255., 255., 255.]), text='+', units='norm', win=Window(...), wrapWidth=1)
23.8874 	EXP 	Created task_display = TextStim(__class__=<class 'psychopy.visual.text.TextStim'>, alignHoriz='center', alignVert='center', antialias=True, autoLog=True, bold=False, color='white', colorSpace='named', contrast=1.0, depth=-3.0, flipHoriz=False, flipVert=False, font='Arial', fontFiles=[], height=1.0, italic=False, languageStyle='LTR', name='task_display', opacity=1.0, ori=0, pos=array([0., 0.]), rgb=array([255., 255., 255.]), text='default text', units='norm', win=Window(...), wrapWidth=1)
23.8915 	EXP 	Created rest_text = TextStim(__class__=<class 'psychopy.visual.text.TextStim'>, alignHoriz='center', alignVert='center', antialias=True, autoLog=True, bold=False, color='white', colorSpace='named', contrast=1.0, depth=0.0, flipHoriz=False, flipVert=False, font='Arial', fontFiles=[], height=0.1, italic=False, languageStyle='LTR', name='rest_text', opacity=1.0, ori=0, pos=array([0., 0.]), rgb=array([255., 255., 255.]), text='default text', units='norm', win=Window(...), wrapWidth=1)
23.8916 	EXP 	Sound  set volume 1.000
23.8917 	EXP 	Sound  set volume 1.000
23.8964 	EXP 	Created rest_display = TextStim(__class__=<class 'psychopy.visual.text.TextStim'>, alignHoriz='center', alignVert='center', antialias=True, autoLog=True, bold=False, color='white', colorSpace='named', contrast=1.0, depth=-4.0, flipHoriz=False, flipVert=False, font='Arial', fontFiles=[], height=1.0, italic=False, languageStyle='LTR', name='rest_display', opacity=1.0, ori=0, pos=array([0., 0.]), rgb=array([255., 255., 255.]), text='default text', units='norm', win=Window(...), wrapWidth=1)
23.9004 	EXP 	Created text_2 = TextStim(__class__=<class 'psychopy.visual.text.TextStim'>, alignHoriz='center', alignVert='center', antialias=True, autoLog=True, bold=False, color='white', colorSpace='named', contrast=1.0, depth=0.0, flipHoriz=False, flipVert=False, font='Arial', fontFiles=[], height=0.1, italic=False, languageStyle='LTR', name='text_2', opacity=1.0, ori=0, pos=array([0., 0.]), rgb=array([255., 255., 255.]), text='default text', units='norm', win=Window(...), wrapWidth=1)
23.9024 	EXP 	Created fixationmain = TextStim(__class__=<class 'psychopy.visual.text.TextStim'>, alignHoriz='center', alignVert='center', antialias=True, autoLog=True, bold=False, color='white', colorSpace='named', contrast=1.0, depth=-1.0, flipHoriz=False, flipVert=False, font='Arial', fontFiles=[], height=0.1, italic=False, languageStyle='LTR', name='fixationmain', opacity=1.0, ori=0, pos=array([0., 0.]), rgb=array([255., 255., 255.]), text='+', units='norm', win=Window(...), wrapWidth=1)
23.9067 	EXP 	Created task_display = TextStim(__class__=<class 'psychopy.visual.text.TextStim'>, alignHoriz='center', alignVert='center', antialias=True, autoLog=True, bold=False, color='white', colorSpace='named', contrast=1.0, depth=-3.0, flipHoriz=False, flipVert=False, font='Arial', fontFiles=[], height=1.0, italic=False, languageStyle='LTR', name='task_display', opacity=1.0, ori=0, pos=array([0., 0.]), rgb=array([255., 255., 255.]), text='default text', units='norm', win=Window(...), wrapWidth=1)
23.9111 	EXP 	Created rest_text = TextStim(__class__=<class 'psychopy.visual.text.TextStim'>, alignHoriz='center', alignVert='center', antialias=True, autoLog=True, bold=False, color='white', colorSpace='named', contrast=1.0, depth=0.0, flipHoriz=False, flipVert=False, font='Arial', fontFiles=[], height=0.1, italic=False, languageStyle='LTR', name='rest_text', opacity=1.0, ori=0, pos=array([0., 0.]), rgb=array([255., 255., 255.]), text='default text', units='norm', win=Window(...), wrapWidth=1)
23.9112 	EXP 	Sound  set volume 1.000
23.9112 	EXP 	Sound  set volume 1.000
23.9154 	EXP 	Created rest_display = TextStim(__class__=<class 'psychopy.visual.text.TextStim'>, alignHoriz='center', alignVert='center', antialias=True, autoLog=True, bold=False, color='white', colorSpace='named', contrast=1.0, depth=-4.0, flipHoriz=False, flipVert=False, font='Arial', fontFiles=[], height=1.0, italic=False, languageStyle='LTR', name='rest_display', opacity=1.0, ori=0, pos=array([0., 0.]), rgb=array([255., 255., 255.]), text='default text', units='norm', win=Window(...), wrapWidth=1)
23.9474 	EXP 	intro_text: autoDraw = True
32.1030 	DATA 	Keypress: space
32.1128 	EXP 	intro_text: autoDraw = False
32.1128 	EXP 	text: autoDraw = True
59.8370 	DATA 	Keypress: space
59.8463 	EXP 	text: autoDraw = False
59.8463 	EXP 	ready_text: autoDraw = True
82.3675 	EXP 	Imported Stroop-short-trial-10event.xlsx as conditions, 10 conditions, 4 params
82.3680 	EXP 	Created sequence: random, trialTypes=10, nReps=1, seed=None
82.3687 	EXP 	New trial (rep=0, index=0): OrderedDict([('word', 'VÀNG'), ('color', 'YELLOW'), ('congruent', 1), ('corrans', 'up')])
82.5268 	EXP 	window1: recordFrameIntervals = False
82.5331 	DATA 	Keypress: space
82.5351 	EXP 	ready_text: autoDraw = False
82.5351 	EXP 	trial_text: color = 'YELLOW (named)'
82.5351 	EXP 	trial_text: text = 'VÀNG'
82.5351 	EXP 	trial_display: color = 'white (named)'
82.5351 	EXP 	trial_display: pos = array([-0.8,  0.8])
82.5351 	EXP 	trial_display: text = 'Trial Session'
82.5351 	EXP 	trial_display: font = 'Arial'
82.5351 	EXP 	trial_display: height = 0.1
82.5351 	EXP 	fixationtrial: autoDraw = True
82.5351 	EXP 	trial_display: autoDraw = True
82.5351 	EXP 	trial_display: text = 'Trial Session'
82.5353 	EXP 	window1: recordFrameIntervals = False
83.1794 	EXP 	fixationtrial: autoDraw = False
83.1960 	EXP 	trial_text: autoDraw = True
84.1004 	DATA 	Keypress: up
84.4800 	EXP 	trial_text: autoDraw = False
85.3476 	EXP 	New trial (rep=0, index=1): OrderedDict([('word', 'ĐỎ'), ('color', 'GREEN'), ('congruent', 1), ('corrans', 'left')])
85.3534 	EXP 	window1: recordFrameIntervals = False
85.3633 	EXP 	trial_text: autoDraw = False
85.3633 	EXP 	fixationtrial: autoDraw = False
85.3633 	EXP 	trial_display: autoDraw = False
85.3633 	EXP 	trial_text: color = 'GREEN (named)'
85.3633 	EXP 	trial_text: text = 'ĐỎ'
85.3633 	EXP 	trial_display: color = 'white (named)'
85.3633 	EXP 	trial_display: pos = array([-0.8,  0.8])
85.3633 	EXP 	trial_display: text = 'Trial Session'
85.3633 	EXP 	trial_display: font = 'Arial'
85.3633 	EXP 	trial_display: height = 0.1
85.3633 	EXP 	fixationtrial: autoDraw = True
85.3633 	EXP 	trial_display: autoDraw = True
85.3633 	EXP 	trial_display: text = 'Trial Session'
85.3635 	EXP 	window1: recordFrameIntervals = False
86.1628 	EXP 	fixationtrial: autoDraw = False
86.1795 	EXP 	trial_text: autoDraw = True
86.9177 	DATA 	Keypress: right
87.1505 	DATA 	Keypress: left
87.4625 	EXP 	trial_text: autoDraw = False
88.3473 	EXP 	New trial (rep=0, index=2): OrderedDict([('word', 'XANH DƯƠNG'), ('color', 'BLUE'), ('congruent', 1), ('corrans', 'down')])
88.3589 	EXP 	window1: recordFrameIntervals = False
88.3684 	EXP 	trial_text: autoDraw = False
88.3684 	EXP 	fixationtrial: autoDraw = False
88.3684 	EXP 	trial_display: autoDraw = False
88.3684 	EXP 	trial_text: color = 'BLUE (named)'
88.3684 	EXP 	trial_text: text = 'XANH DƯƠNG'
88.3684 	EXP 	trial_display: color = 'white (named)'
88.3684 	EXP 	trial_display: pos = array([-0.8,  0.8])
88.3684 	EXP 	trial_display: text = 'Trial Session'
88.3684 	EXP 	trial_display: font = 'Arial'
88.3684 	EXP 	trial_display: height = 0.1
88.3684 	EXP 	fixationtrial: autoDraw = True
88.3684 	EXP 	trial_display: autoDraw = True
88.3684 	EXP 	trial_display: text = 'Trial Session'
88.3686 	EXP 	window1: recordFrameIntervals = False
89.1627 	EXP 	fixationtrial: autoDraw = False
89.1792 	EXP 	trial_text: autoDraw = True
89.9674 	DATA 	Keypress: down
90.4626 	EXP 	trial_text: autoDraw = False
91.3475 	EXP 	New trial (rep=0, index=3): OrderedDict([('word', 'ĐỎ'), ('color', 'RED'), ('congruent', 1), ('corrans', 'left')])
91.3500 	EXP 	window1: recordFrameIntervals = False
91.3626 	EXP 	trial_text: autoDraw = False
91.3626 	EXP 	fixationtrial: autoDraw = False
91.3626 	EXP 	trial_display: autoDraw = False
91.3626 	EXP 	trial_text: color = 'RED (named)'
91.3626 	EXP 	trial_text: text = 'ĐỎ'
91.3626 	EXP 	trial_display: color = 'white (named)'
91.3626 	EXP 	trial_display: pos = array([-0.8,  0.8])
91.3626 	EXP 	trial_display: text = 'Trial Session'
91.3626 	EXP 	trial_display: font = 'Arial'
91.3626 	EXP 	trial_display: height = 0.1
91.3626 	EXP 	fixationtrial: autoDraw = True
91.3626 	EXP 	trial_display: autoDraw = True
91.3626 	EXP 	trial_display: text = 'Trial Session'
91.3628 	EXP 	window1: recordFrameIntervals = False
92.1628 	EXP 	fixationtrial: autoDraw = False
92.1793 	EXP 	trial_text: autoDraw = True
92.7008 	DATA 	Keypress: left
93.4628 	EXP 	trial_text: autoDraw = False
94.3475 	EXP 	New trial (rep=0, index=4): OrderedDict([('word', 'XANH LÁ'), ('color', 'GREEN'), ('congruent', 1), ('corrans', 'right')])
94.3557 	EXP 	window1: recordFrameIntervals = False
94.3652 	EXP 	trial_text: autoDraw = False
94.3652 	EXP 	fixationtrial: autoDraw = False
94.3652 	EXP 	trial_display: autoDraw = False
94.3652 	EXP 	trial_text: color = 'GREEN (named)'
94.3652 	EXP 	trial_text: text = 'XANH LÁ'
94.3652 	EXP 	trial_display: color = 'white (named)'
94.3652 	EXP 	trial_display: pos = array([-0.8,  0.8])
94.3652 	EXP 	trial_display: text = 'Trial Session'
94.3652 	EXP 	trial_display: font = 'Arial'
94.3652 	EXP 	trial_display: height = 0.1
94.3652 	EXP 	fixationtrial: autoDraw = True
94.3652 	EXP 	trial_display: autoDraw = True
94.3652 	EXP 	trial_display: text = 'Trial Session'
94.3655 	EXP 	window1: recordFrameIntervals = False
95.1625 	EXP 	fixationtrial: autoDraw = False
95.1790 	EXP 	trial_text: autoDraw = True
95.4844 	DATA 	Keypress: up
96.4629 	EXP 	trial_text: autoDraw = False
97.3475 	EXP 	New trial (rep=0, index=5): OrderedDict([('word', 'ĐỎ'), ('color', 'RED'), ('congruent', 1), ('corrans', 'left')])
97.3501 	EXP 	window1: recordFrameIntervals = False
97.3627 	EXP 	trial_text: autoDraw = False
97.3627 	EXP 	fixationtrial: autoDraw = False
97.3627 	EXP 	trial_display: autoDraw = False
97.3627 	EXP 	trial_text: color = 'RED (named)'
97.3627 	EXP 	trial_text: text = 'ĐỎ'
97.3627 	EXP 	trial_display: color = 'white (named)'
97.3627 	EXP 	trial_display: pos = array([-0.8,  0.8])
97.3627 	EXP 	trial_display: text = 'Trial Session'
97.3627 	EXP 	trial_display: font = 'Arial'
97.3627 	EXP 	trial_display: height = 0.1
97.3627 	EXP 	fixationtrial: autoDraw = True
97.3627 	EXP 	trial_display: autoDraw = True
97.3627 	EXP 	trial_display: text = 'Trial Session'
97.3629 	EXP 	window1: recordFrameIntervals = False
98.1627 	EXP 	fixationtrial: autoDraw = False
98.1792 	EXP 	trial_text: autoDraw = True
98.7004 	DATA 	Keypress: left
99.4626 	EXP 	trial_text: autoDraw = False
100.3474 	EXP 	New trial (rep=0, index=6): OrderedDict([('word', 'ĐỎ'), ('color', 'RED'), ('congruent', 1), ('corrans', 'left')])
100.3479 	EXP 	window1: recordFrameIntervals = False
100.3626 	EXP 	trial_text: autoDraw = False
100.3626 	EXP 	fixationtrial: autoDraw = False
100.3626 	EXP 	trial_display: autoDraw = False
100.3626 	EXP 	trial_text: color = 'RED (named)'
100.3626 	EXP 	trial_text: text = 'ĐỎ'
100.3626 	EXP 	trial_display: color = 'white (named)'
100.3626 	EXP 	trial_display: pos = array([-0.8,  0.8])
100.3626 	EXP 	trial_display: text = 'Trial Session'
100.3626 	EXP 	trial_display: font = 'Arial'
100.3626 	EXP 	trial_display: height = 0.1
100.3626 	EXP 	fixationtrial: autoDraw = True
100.3626 	EXP 	trial_display: autoDraw = True
100.3626 	EXP 	trial_display: text = 'Trial Session'
100.3628 	EXP 	window1: recordFrameIntervals = False
101.1626 	EXP 	fixationtrial: autoDraw = False
101.1800 	EXP 	trial_text: autoDraw = True
101.7008 	DATA 	Keypress: left
102.4626 	EXP 	trial_text: autoDraw = False
103.3476 	EXP 	New trial (rep=0, index=7): OrderedDict([('word', 'VÀNG'), ('color', 'YELLOW'), ('congruent', 1), ('corrans', 'up')])
103.3509 	EXP 	window1: recordFrameIntervals = False
103.3627 	EXP 	trial_text: autoDraw = False
103.3627 	EXP 	fixationtrial: autoDraw = False
103.3627 	EXP 	trial_display: autoDraw = False
103.3627 	EXP 	trial_text: color = 'YELLOW (named)'
103.3627 	EXP 	trial_text: text = 'VÀNG'
103.3627 	EXP 	trial_display: color = 'white (named)'
103.3627 	EXP 	trial_display: pos = array([-0.8,  0.8])
103.3627 	EXP 	trial_display: text = 'Trial Session'
103.3627 	EXP 	trial_display: font = 'Arial'
103.3627 	EXP 	trial_display: height = 0.1
103.3627 	EXP 	fixationtrial: autoDraw = True
103.3627 	EXP 	trial_display: autoDraw = True
103.3627 	EXP 	trial_display: text = 'Trial Session'
103.3629 	EXP 	window1: recordFrameIntervals = False
104.1628 	EXP 	fixationtrial: autoDraw = False
104.1796 	EXP 	trial_text: autoDraw = True
105.4627 	EXP 	trial_text: autoDraw = False
105.6178 	DATA 	Keypress: up
106.3476 	EXP 	New trial (rep=0, index=8): OrderedDict([('word', 'XANH DƯƠNG'), ('color', 'BLUE'), ('congruent', 1), ('corrans', 'down')])
106.3531 	EXP 	window1: recordFrameIntervals = False
106.3628 	EXP 	trial_text: autoDraw = False
106.3628 	EXP 	fixationtrial: autoDraw = False
106.3628 	EXP 	trial_display: autoDraw = False
106.3628 	EXP 	trial_text: color = 'BLUE (named)'
106.3628 	EXP 	trial_text: text = 'XANH DƯƠNG'
106.3628 	EXP 	trial_display: color = 'white (named)'
106.3628 	EXP 	trial_display: pos = array([-0.8,  0.8])
106.3628 	EXP 	trial_display: text = 'Trial Session'
106.3628 	EXP 	trial_display: font = 'Arial'
106.3628 	EXP 	trial_display: height = 0.1
106.3628 	EXP 	fixationtrial: autoDraw = True
106.3628 	EXP 	trial_display: autoDraw = True
106.3628 	EXP 	trial_display: text = 'Trial Session'
106.3630 	EXP 	window1: recordFrameIntervals = False
107.1624 	EXP 	fixationtrial: autoDraw = False
107.1797 	EXP 	trial_text: autoDraw = True
107.8509 	DATA 	Keypress: left
108.4627 	EXP 	trial_text: autoDraw = False
109.3474 	EXP 	New trial (rep=0, index=9): OrderedDict([('word', 'VÀNG'), ('color', 'BLUE'), ('congruent', 1), ('corrans', 'up')])
109.3507 	EXP 	window1: recordFrameIntervals = False
109.3628 	EXP 	trial_text: autoDraw = False
109.3628 	EXP 	fixationtrial: autoDraw = False
109.3628 	EXP 	trial_display: autoDraw = False
109.3628 	EXP 	trial_text: color = 'BLUE (named)'
109.3628 	EXP 	trial_text: text = 'VÀNG'
109.3628 	EXP 	trial_display: color = 'white (named)'
109.3628 	EXP 	trial_display: pos = array([-0.8,  0.8])
109.3628 	EXP 	trial_display: text = 'Trial Session'
109.3628 	EXP 	trial_display: font = 'Arial'
109.3628 	EXP 	trial_display: height = 0.1
109.3628 	EXP 	fixationtrial: autoDraw = True
109.3628 	EXP 	trial_display: autoDraw = True
109.3628 	EXP 	trial_display: text = 'Trial Session'
109.3630 	EXP 	window1: recordFrameIntervals = False
110.1631 	EXP 	fixationtrial: autoDraw = False
110.1792 	EXP 	trial_text: autoDraw = True
111.4172 	DATA 	Keypress: up
111.4628 	EXP 	trial_text: autoDraw = False
112.3854 	EXP 	trial_text: autoDraw = False
112.3854 	EXP 	fixationtrial: autoDraw = False
112.3854 	EXP 	trial_display: autoDraw = False
112.3854 	EXP 	rest_text: text = '+'
112.3854 	EXP 	rest_display: color = 'white (named)'
112.3854 	EXP 	rest_display: pos = array([-0.8,  0.8])
112.3854 	EXP 	rest_display: text = 'Rest Session'
112.3854 	EXP 	rest_display: font = 'Arial'
112.3854 	EXP 	rest_display: height = 0.1
112.3854 	EXP 	rest_text: autoDraw = True
112.3854 	EXP 	rest_display: autoDraw = True
112.3854 	EXP 	rest_display: text = 'Rest Session'
142.3529 	EXP 	Imported Stroopmain-short-inverse5eventx3.xlsx as conditions, 5 conditions, 4 params
142.3532 	EXP 	Created sequence: random, trialTypes=5, nReps=6, seed=None
142.3535 	EXP 	New trial (rep=0, index=0): OrderedDict([('word', 'XANH DƯƠNG'), ('color', 'GREEN'), ('congruent', 1), ('corrans', 'down')])
142.3982 	EXP 	rest_text: autoDraw = False
142.3982 	EXP 	rest_display: autoDraw = False
142.3982 	EXP 	text_2: color = 'GREEN (named)'
142.3982 	EXP 	text_2: text = 'XANH DƯƠNG'
142.3982 	EXP 	task_display: color = 'white (named)'
142.3982 	EXP 	task_display: pos = array([-0.8,  0.8])
142.3982 	EXP 	task_display: text = 'Task session'
142.3982 	EXP 	task_display: font = 'Arial'
142.3982 	EXP 	task_display: height = 0.1
142.3982 	EXP 	fixationmain: autoDraw = True
142.3982 	EXP 	task_display: autoDraw = True
142.3982 	EXP 	task_display: text = 'Task session'
143.1627 	EXP 	fixationmain: autoDraw = False
143.1794 	EXP 	text_2: autoDraw = True
144.2839 	DATA 	Keypress: right
144.4628 	EXP 	text_2: autoDraw = False
145.3478 	EXP 	New trial (rep=0, index=1): OrderedDict([('word', 'ĐỎ'), ('color', 'YELLOW'), ('congruent', 0), ('corrans', 'left')])
145.3628 	EXP 	text_2: autoDraw = False
145.3628 	EXP 	fixationmain: autoDraw = False
145.3628 	EXP 	task_display: autoDraw = False
145.3628 	EXP 	text_2: color = 'YELLOW (named)'
145.3628 	EXP 	text_2: text = 'ĐỎ'
145.3628 	EXP 	task_display: color = 'white (named)'
145.3628 	EXP 	task_display: pos = array([-0.8,  0.8])
145.3628 	EXP 	task_display: text = 'Task session'
145.3628 	EXP 	task_display: font = 'Arial'
145.3628 	EXP 	task_display: height = 0.1
145.3628 	EXP 	fixationmain: autoDraw = True
145.3628 	EXP 	task_display: autoDraw = True
145.3628 	EXP 	task_display: text = 'Task session'
146.1626 	EXP 	fixationmain: autoDraw = False
146.1795 	EXP 	text_2: autoDraw = True
146.6854 	DATA 	Keypress: left
147.4625 	EXP 	text_2: autoDraw = False
148.3475 	EXP 	New trial (rep=0, index=2): OrderedDict([('word', 'VÀNG'), ('color', 'RED'), ('congruent', 0), ('corrans', 'up')])
148.3628 	EXP 	text_2: autoDraw = False
148.3628 	EXP 	fixationmain: autoDraw = False
148.3628 	EXP 	task_display: autoDraw = False
148.3628 	EXP 	text_2: color = 'RED (named)'
148.3628 	EXP 	text_2: text = 'VÀNG'
148.3628 	EXP 	task_display: color = 'white (named)'
148.3628 	EXP 	task_display: pos = array([-0.8,  0.8])
148.3628 	EXP 	task_display: text = 'Task session'
148.3628 	EXP 	task_display: font = 'Arial'
148.3628 	EXP 	task_display: height = 0.1
148.3628 	EXP 	fixationmain: autoDraw = True
148.3628 	EXP 	task_display: autoDraw = True
148.3628 	EXP 	task_display: text = 'Task session'
149.1630 	EXP 	fixationmain: autoDraw = False
149.1795 	EXP 	text_2: autoDraw = True
150.4627 	EXP 	text_2: autoDraw = False
150.5507 	DATA 	Keypress: left
151.3473 	EXP 	New trial (rep=0, index=3): OrderedDict([('word', 'ĐỎ'), ('color', 'RED'), ('congruent', 1), ('corrans', 'left')])
151.3628 	EXP 	text_2: autoDraw = False
151.3628 	EXP 	fixationmain: autoDraw = False
151.3628 	EXP 	task_display: autoDraw = False
151.3628 	EXP 	text_2: color = 'RED (named)'
151.3628 	EXP 	text_2: text = 'ĐỎ'
151.3628 	EXP 	task_display: color = 'white (named)'
151.3628 	EXP 	task_display: pos = array([-0.8,  0.8])
151.3628 	EXP 	task_display: text = 'Task session'
151.3628 	EXP 	task_display: font = 'Arial'
151.3628 	EXP 	task_display: height = 0.1
151.3628 	EXP 	fixationmain: autoDraw = True
151.3628 	EXP 	task_display: autoDraw = True
151.3628 	EXP 	task_display: text = 'Task session'
152.1628 	EXP 	fixationmain: autoDraw = False
152.1802 	EXP 	text_2: autoDraw = True
152.8010 	DATA 	Keypress: left
153.4627 	EXP 	text_2: autoDraw = False
154.3474 	EXP 	New trial (rep=0, index=4): OrderedDict([('word', 'XANH LÁ'), ('color', 'BLUE'), ('congruent', 1), ('corrans', 'right')])
154.3629 	EXP 	text_2: autoDraw = False
154.3629 	EXP 	fixationmain: autoDraw = False
154.3629 	EXP 	task_display: autoDraw = False
154.3629 	EXP 	text_2: color = 'BLUE (named)'
154.3629 	EXP 	text_2: text = 'XANH LÁ'
154.3629 	EXP 	task_display: color = 'white (named)'
154.3629 	EXP 	task_display: pos = array([-0.8,  0.8])
154.3629 	EXP 	task_display: text = 'Task session'
154.3629 	EXP 	task_display: font = 'Arial'
154.3629 	EXP 	task_display: height = 0.1
154.3629 	EXP 	fixationmain: autoDraw = True
154.3629 	EXP 	task_display: autoDraw = True
154.3629 	EXP 	task_display: text = 'Task session'
155.1627 	EXP 	fixationmain: autoDraw = False
155.1793 	EXP 	text_2: autoDraw = True
155.4347 	DATA 	Keypress: right
156.1509 	DATA 	Keypress: down
156.4629 	EXP 	text_2: autoDraw = False
157.3475 	EXP 	New trial (rep=1, index=0): OrderedDict([('word', 'ĐỎ'), ('color', 'YELLOW'), ('congruent', 0), ('corrans', 'left')])
157.3628 	EXP 	text_2: autoDraw = False
157.3628 	EXP 	fixationmain: autoDraw = False
157.3628 	EXP 	task_display: autoDraw = False
157.3628 	EXP 	text_2: color = 'YELLOW (named)'
157.3628 	EXP 	text_2: text = 'ĐỎ'
157.3628 	EXP 	task_display: color = 'white (named)'
157.3628 	EXP 	task_display: pos = array([-0.8,  0.8])
157.3628 	EXP 	task_display: text = 'Task session'
157.3628 	EXP 	task_display: font = 'Arial'
157.3628 	EXP 	task_display: height = 0.1
157.3628 	EXP 	fixationmain: autoDraw = True
157.3628 	EXP 	task_display: autoDraw = True
157.3628 	EXP 	task_display: text = 'Task session'
158.1627 	EXP 	fixationmain: autoDraw = False
158.1793 	EXP 	text_2: autoDraw = True
159.0672 	DATA 	Keypress: up
159.4627 	EXP 	text_2: autoDraw = False
160.3477 	EXP 	New trial (rep=1, index=1): OrderedDict([('word', 'ĐỎ'), ('color', 'RED'), ('congruent', 1), ('corrans', 'left')])
160.3627 	EXP 	text_2: autoDraw = False
160.3627 	EXP 	fixationmain: autoDraw = False
160.3627 	EXP 	task_display: autoDraw = False
160.3627 	EXP 	text_2: color = 'RED (named)'
160.3627 	EXP 	text_2: text = 'ĐỎ'
160.3627 	EXP 	task_display: color = 'white (named)'
160.3627 	EXP 	task_display: pos = array([-0.8,  0.8])
160.3627 	EXP 	task_display: text = 'Task session'
160.3627 	EXP 	task_display: font = 'Arial'
160.3627 	EXP 	task_display: height = 0.1
160.3627 	EXP 	fixationmain: autoDraw = True
160.3627 	EXP 	task_display: autoDraw = True
160.3627 	EXP 	task_display: text = 'Task session'
161.1629 	EXP 	fixationmain: autoDraw = False
161.1794 	EXP 	text_2: autoDraw = True
161.7845 	DATA 	Keypress: left
162.4626 	EXP 	text_2: autoDraw = False
163.3474 	EXP 	New trial (rep=1, index=2): OrderedDict([('word', 'XANH LÁ'), ('color', 'BLUE'), ('congruent', 1), ('corrans', 'right')])
163.3629 	EXP 	text_2: autoDraw = False
163.3629 	EXP 	fixationmain: autoDraw = False
163.3629 	EXP 	task_display: autoDraw = False
163.3629 	EXP 	text_2: color = 'BLUE (named)'
163.3629 	EXP 	text_2: text = 'XANH LÁ'
163.3629 	EXP 	task_display: color = 'white (named)'
163.3629 	EXP 	task_display: pos = array([-0.8,  0.8])
163.3629 	EXP 	task_display: text = 'Task session'
163.3629 	EXP 	task_display: font = 'Arial'
163.3629 	EXP 	task_display: height = 0.1
163.3629 	EXP 	fixationmain: autoDraw = True
163.3629 	EXP 	task_display: autoDraw = True
163.3629 	EXP 	task_display: text = 'Task session'
164.1628 	EXP 	fixationmain: autoDraw = False
164.1800 	EXP 	text_2: autoDraw = True
164.8507 	DATA 	Keypress: up
165.4628 	EXP 	text_2: autoDraw = False
165.5344 	DATA 	Keypress: down
166.3472 	EXP 	New trial (rep=1, index=3): OrderedDict([('word', 'VÀNG'), ('color', 'RED'), ('congruent', 0), ('corrans', 'up')])
166.3628 	EXP 	text_2: autoDraw = False
166.3628 	EXP 	fixationmain: autoDraw = False
166.3628 	EXP 	task_display: autoDraw = False
166.3628 	EXP 	text_2: color = 'RED (named)'
166.3628 	EXP 	text_2: text = 'VÀNG'
166.3628 	EXP 	task_display: color = 'white (named)'
166.3628 	EXP 	task_display: pos = array([-0.8,  0.8])
166.3628 	EXP 	task_display: text = 'Task session'
166.3628 	EXP 	task_display: font = 'Arial'
166.3628 	EXP 	task_display: height = 0.1
166.3628 	EXP 	fixationmain: autoDraw = True
166.3628 	EXP 	task_display: autoDraw = True
166.3628 	EXP 	task_display: text = 'Task session'
167.1631 	EXP 	fixationmain: autoDraw = False
167.1794 	EXP 	text_2: autoDraw = True
168.1847 	DATA 	Keypress: up
168.4627 	EXP 	text_2: autoDraw = False
169.3477 	EXP 	New trial (rep=1, index=4): OrderedDict([('word', 'XANH DƯƠNG'), ('color', 'GREEN'), ('congruent', 1), ('corrans', 'down')])
169.3628 	EXP 	text_2: autoDraw = False
169.3628 	EXP 	fixationmain: autoDraw = False
169.3628 	EXP 	task_display: autoDraw = False
169.3628 	EXP 	text_2: color = 'GREEN (named)'
169.3628 	EXP 	text_2: text = 'XANH DƯƠNG'
169.3628 	EXP 	task_display: color = 'white (named)'
169.3628 	EXP 	task_display: pos = array([-0.8,  0.8])
169.3628 	EXP 	task_display: text = 'Task session'
169.3628 	EXP 	task_display: font = 'Arial'
169.3628 	EXP 	task_display: height = 0.1
169.3628 	EXP 	fixationmain: autoDraw = True
169.3628 	EXP 	task_display: autoDraw = True
169.3628 	EXP 	task_display: text = 'Task session'
170.1628 	EXP 	fixationmain: autoDraw = False
170.1794 	EXP 	text_2: autoDraw = True
170.7520 	DATA 	Keypress: right
171.4627 	EXP 	text_2: autoDraw = False
172.3473 	EXP 	New trial (rep=2, index=0): OrderedDict([('word', 'XANH LÁ'), ('color', 'BLUE'), ('congruent', 1), ('corrans', 'right')])
172.3629 	EXP 	text_2: autoDraw = False
172.3629 	EXP 	fixationmain: autoDraw = False
172.3629 	EXP 	task_display: autoDraw = False
172.3629 	EXP 	text_2: color = 'BLUE (named)'
172.3629 	EXP 	text_2: text = 'XANH LÁ'
172.3629 	EXP 	task_display: color = 'white (named)'
172.3629 	EXP 	task_display: pos = array([-0.8,  0.8])
172.3629 	EXP 	task_display: text = 'Task session'
172.3629 	EXP 	task_display: font = 'Arial'
172.3629 	EXP 	task_display: height = 0.1
172.3629 	EXP 	fixationmain: autoDraw = True
172.3629 	EXP 	task_display: autoDraw = True
172.3629 	EXP 	task_display: text = 'Task session'
173.1635 	EXP 	fixationmain: autoDraw = False
173.1792 	EXP 	text_2: autoDraw = True
173.5509 	DATA 	Keypress: down
174.4625 	EXP 	text_2: autoDraw = False
175.3476 	EXP 	New trial (rep=2, index=1): OrderedDict([('word', 'VÀNG'), ('color', 'RED'), ('congruent', 0), ('corrans', 'up')])
175.3627 	EXP 	text_2: autoDraw = False
175.3627 	EXP 	fixationmain: autoDraw = False
175.3627 	EXP 	task_display: autoDraw = False
175.3627 	EXP 	text_2: color = 'RED (named)'
175.3627 	EXP 	text_2: text = 'VÀNG'
175.3627 	EXP 	task_display: color = 'white (named)'
175.3627 	EXP 	task_display: pos = array([-0.8,  0.8])
175.3627 	EXP 	task_display: text = 'Task session'
175.3627 	EXP 	task_display: font = 'Arial'
175.3627 	EXP 	task_display: height = 0.1
175.3627 	EXP 	fixationmain: autoDraw = True
175.3627 	EXP 	task_display: autoDraw = True
175.3627 	EXP 	task_display: text = 'Task session'
176.1627 	EXP 	fixationmain: autoDraw = False
176.1792 	EXP 	text_2: autoDraw = True
177.1179 	DATA 	Keypress: up
177.4626 	EXP 	text_2: autoDraw = False
178.3474 	EXP 	New trial (rep=2, index=2): OrderedDict([('word', 'ĐỎ'), ('color', 'RED'), ('congruent', 1), ('corrans', 'left')])
178.3626 	EXP 	text_2: autoDraw = False
178.3626 	EXP 	fixationmain: autoDraw = False
178.3626 	EXP 	task_display: autoDraw = False
178.3626 	EXP 	text_2: color = 'RED (named)'
178.3626 	EXP 	text_2: text = 'ĐỎ'
178.3626 	EXP 	task_display: color = 'white (named)'
178.3626 	EXP 	task_display: pos = array([-0.8,  0.8])
178.3626 	EXP 	task_display: text = 'Task session'
178.3626 	EXP 	task_display: font = 'Arial'
178.3626 	EXP 	task_display: height = 0.1
178.3626 	EXP 	fixationmain: autoDraw = True
178.3626 	EXP 	task_display: autoDraw = True
178.3626 	EXP 	task_display: text = 'Task session'
179.1627 	EXP 	fixationmain: autoDraw = False
179.1792 	EXP 	text_2: autoDraw = True
179.8178 	DATA 	Keypress: left
180.4624 	EXP 	text_2: autoDraw = False
181.3473 	EXP 	New trial (rep=2, index=3): OrderedDict([('word', 'ĐỎ'), ('color', 'YELLOW'), ('congruent', 0), ('corrans', 'left')])
181.3626 	EXP 	text_2: autoDraw = False
181.3626 	EXP 	fixationmain: autoDraw = False
181.3626 	EXP 	task_display: autoDraw = False
181.3626 	EXP 	text_2: color = 'YELLOW (named)'
181.3626 	EXP 	text_2: text = 'ĐỎ'
181.3626 	EXP 	task_display: color = 'white (named)'
181.3626 	EXP 	task_display: pos = array([-0.8,  0.8])
181.3626 	EXP 	task_display: text = 'Task session'
181.3626 	EXP 	task_display: font = 'Arial'
181.3626 	EXP 	task_display: height = 0.1
181.3626 	EXP 	fixationmain: autoDraw = True
181.3626 	EXP 	task_display: autoDraw = True
181.3626 	EXP 	task_display: text = 'Task session'
182.1625 	EXP 	fixationmain: autoDraw = False
182.1794 	EXP 	text_2: autoDraw = True
183.3852 	DATA 	Keypress: right
183.4625 	EXP 	text_2: autoDraw = False
184.3475 	EXP 	New trial (rep=2, index=4): OrderedDict([('word', 'XANH DƯƠNG'), ('color', 'GREEN'), ('congruent', 1), ('corrans', 'down')])
184.3632 	EXP 	text_2: autoDraw = False
184.3632 	EXP 	fixationmain: autoDraw = False
184.3632 	EXP 	task_display: autoDraw = False
184.3632 	EXP 	text_2: color = 'GREEN (named)'
184.3632 	EXP 	text_2: text = 'XANH DƯƠNG'
184.3632 	EXP 	task_display: color = 'white (named)'
184.3632 	EXP 	task_display: pos = array([-0.8,  0.8])
184.3632 	EXP 	task_display: text = 'Task session'
184.3632 	EXP 	task_display: font = 'Arial'
184.3632 	EXP 	task_display: height = 0.1
184.3632 	EXP 	fixationmain: autoDraw = True
184.3632 	EXP 	task_display: autoDraw = True
184.3632 	EXP 	task_display: text = 'Task session'
185.1626 	EXP 	fixationmain: autoDraw = False
185.1796 	EXP 	text_2: autoDraw = True
186.3344 	DATA 	Keypress: down
186.4624 	EXP 	text_2: autoDraw = False
187.3475 	EXP 	New trial (rep=3, index=0): OrderedDict([('word', 'VÀNG'), ('color', 'RED'), ('congruent', 0), ('corrans', 'up')])
187.3627 	EXP 	text_2: autoDraw = False
187.3627 	EXP 	fixationmain: autoDraw = False
187.3627 	EXP 	task_display: autoDraw = False
187.3627 	EXP 	text_2: color = 'RED (named)'
187.3627 	EXP 	text_2: text = 'VÀNG'
187.3627 	EXP 	task_display: color = 'white (named)'
187.3627 	EXP 	task_display: pos = array([-0.8,  0.8])
187.3627 	EXP 	task_display: text = 'Task session'
187.3627 	EXP 	task_display: font = 'Arial'
187.3627 	EXP 	task_display: height = 0.1
187.3627 	EXP 	fixationmain: autoDraw = True
187.3627 	EXP 	task_display: autoDraw = True
187.3627 	EXP 	task_display: text = 'Task session'
188.1625 	EXP 	fixationmain: autoDraw = False
188.1792 	EXP 	text_2: autoDraw = True
189.3687 	DATA 	Keypress: right
189.4626 	EXP 	text_2: autoDraw = False
190.3476 	EXP 	New trial (rep=3, index=1): OrderedDict([('word', 'XANH LÁ'), ('color', 'BLUE'), ('congruent', 1), ('corrans', 'right')])
190.3634 	EXP 	text_2: autoDraw = False
190.3634 	EXP 	fixationmain: autoDraw = False
190.3634 	EXP 	task_display: autoDraw = False
190.3634 	EXP 	text_2: color = 'BLUE (named)'
190.3634 	EXP 	text_2: text = 'XANH LÁ'
190.3634 	EXP 	task_display: color = 'white (named)'
190.3634 	EXP 	task_display: pos = array([-0.8,  0.8])
190.3634 	EXP 	task_display: text = 'Task session'
190.3634 	EXP 	task_display: font = 'Arial'
190.3634 	EXP 	task_display: height = 0.1
190.3634 	EXP 	fixationmain: autoDraw = True
190.3634 	EXP 	task_display: autoDraw = True
190.3634 	EXP 	task_display: text = 'Task session'
191.1627 	EXP 	fixationmain: autoDraw = False
191.1792 	EXP 	text_2: autoDraw = True
192.4627 	EXP 	text_2: autoDraw = False
193.3475 	EXP 	New trial (rep=3, index=2): OrderedDict([('word', 'XANH DƯƠNG'), ('color', 'GREEN'), ('congruent', 1), ('corrans', 'down')])
193.3633 	EXP 	text_2: autoDraw = False
193.3633 	EXP 	fixationmain: autoDraw = False
193.3633 	EXP 	task_display: autoDraw = False
193.3633 	EXP 	text_2: color = 'GREEN (named)'
193.3633 	EXP 	text_2: text = 'XANH DƯƠNG'
193.3633 	EXP 	task_display: color = 'white (named)'
193.3633 	EXP 	task_display: pos = array([-0.8,  0.8])
193.3633 	EXP 	task_display: text = 'Task session'
193.3633 	EXP 	task_display: font = 'Arial'
193.3633 	EXP 	task_display: height = 0.1
193.3633 	EXP 	fixationmain: autoDraw = True
193.3633 	EXP 	task_display: autoDraw = True
193.3633 	EXP 	task_display: text = 'Task session'
194.1626 	EXP 	fixationmain: autoDraw = False
194.1795 	EXP 	text_2: autoDraw = True
195.4626 	EXP 	text_2: autoDraw = False
196.3475 	EXP 	New trial (rep=3, index=3): OrderedDict([('word', 'ĐỎ'), ('color', 'RED'), ('congruent', 1), ('corrans', 'left')])
196.3627 	EXP 	text_2: autoDraw = False
196.3627 	EXP 	fixationmain: autoDraw = False
196.3627 	EXP 	task_display: autoDraw = False
196.3627 	EXP 	text_2: color = 'RED (named)'
196.3627 	EXP 	text_2: text = 'ĐỎ'
196.3627 	EXP 	task_display: color = 'white (named)'
196.3627 	EXP 	task_display: pos = array([-0.8,  0.8])
196.3627 	EXP 	task_display: text = 'Task session'
196.3627 	EXP 	task_display: font = 'Arial'
196.3627 	EXP 	task_display: height = 0.1
196.3627 	EXP 	fixationmain: autoDraw = True
196.3627 	EXP 	task_display: autoDraw = True
196.3627 	EXP 	task_display: text = 'Task session'
197.1627 	EXP 	fixationmain: autoDraw = False
197.1792 	EXP 	text_2: autoDraw = True
197.7517 	DATA 	Keypress: left
198.4625 	EXP 	text_2: autoDraw = False
199.3477 	EXP 	New trial (rep=3, index=4): OrderedDict([('word', 'ĐỎ'), ('color', 'YELLOW'), ('congruent', 0), ('corrans', 'left')])
199.3625 	EXP 	text_2: autoDraw = False
199.3625 	EXP 	fixationmain: autoDraw = False
199.3625 	EXP 	task_display: autoDraw = False
199.3625 	EXP 	text_2: color = 'YELLOW (named)'
199.3625 	EXP 	text_2: text = 'ĐỎ'
199.3625 	EXP 	task_display: color = 'white (named)'
199.3625 	EXP 	task_display: pos = array([-0.8,  0.8])
199.3625 	EXP 	task_display: text = 'Task session'
199.3625 	EXP 	task_display: font = 'Arial'
199.3625 	EXP 	task_display: height = 0.1
199.3625 	EXP 	fixationmain: autoDraw = True
199.3625 	EXP 	task_display: autoDraw = True
199.3625 	EXP 	task_display: text = 'Task session'
200.1627 	EXP 	fixationmain: autoDraw = False
200.1799 	EXP 	text_2: autoDraw = True
200.9674 	DATA 	Keypress: up
201.4628 	EXP 	text_2: autoDraw = False
202.3472 	EXP 	New trial (rep=4, index=0): OrderedDict([('word', 'ĐỎ'), ('color', 'YELLOW'), ('congruent', 0), ('corrans', 'left')])
202.3632 	EXP 	text_2: autoDraw = False
202.3632 	EXP 	fixationmain: autoDraw = False
202.3632 	EXP 	task_display: autoDraw = False
202.3632 	EXP 	text_2: color = 'YELLOW (named)'
202.3632 	EXP 	text_2: text = 'ĐỎ'
202.3632 	EXP 	task_display: color = 'white (named)'
202.3632 	EXP 	task_display: pos = array([-0.8,  0.8])
202.3632 	EXP 	task_display: text = 'Task session'
202.3632 	EXP 	task_display: font = 'Arial'
202.3632 	EXP 	task_display: height = 0.1
202.3632 	EXP 	fixationmain: autoDraw = True
202.3632 	EXP 	task_display: autoDraw = True
202.3632 	EXP 	task_display: text = 'Task session'
203.1626 	EXP 	fixationmain: autoDraw = False
203.1798 	EXP 	text_2: autoDraw = True
203.9678 	DATA 	Keypress: up
204.4626 	EXP 	text_2: autoDraw = False
205.3472 	EXP 	New trial (rep=4, index=1): OrderedDict([('word', 'XANH LÁ'), ('color', 'BLUE'), ('congruent', 1), ('corrans', 'right')])
205.3630 	EXP 	text_2: autoDraw = False
205.3630 	EXP 	fixationmain: autoDraw = False
205.3630 	EXP 	task_display: autoDraw = False
205.3630 	EXP 	text_2: color = 'BLUE (named)'
205.3630 	EXP 	text_2: text = 'XANH LÁ'
205.3630 	EXP 	task_display: color = 'white (named)'
205.3630 	EXP 	task_display: pos = array([-0.8,  0.8])
205.3630 	EXP 	task_display: text = 'Task session'
205.3630 	EXP 	task_display: font = 'Arial'
205.3630 	EXP 	task_display: height = 0.1
205.3630 	EXP 	fixationmain: autoDraw = True
205.3630 	EXP 	task_display: autoDraw = True
205.3630 	EXP 	task_display: text = 'Task session'
206.1635 	EXP 	fixationmain: autoDraw = False
206.1796 	EXP 	text_2: autoDraw = True
207.4638 	EXP 	text_2: autoDraw = False
207.5011 	DATA 	Keypress: right
208.3477 	EXP 	New trial (rep=4, index=2): OrderedDict([('word', 'XANH DƯƠNG'), ('color', 'GREEN'), ('congruent', 1), ('corrans', 'down')])
208.3636 	EXP 	text_2: autoDraw = False
208.3636 	EXP 	fixationmain: autoDraw = False
208.3636 	EXP 	task_display: autoDraw = False
208.3636 	EXP 	text_2: color = 'GREEN (named)'
208.3636 	EXP 	text_2: text = 'XANH DƯƠNG'
208.3636 	EXP 	task_display: color = 'white (named)'
208.3636 	EXP 	task_display: pos = array([-0.8,  0.8])
208.3636 	EXP 	task_display: text = 'Task session'
208.3636 	EXP 	task_display: font = 'Arial'
208.3636 	EXP 	task_display: height = 0.1
208.3636 	EXP 	fixationmain: autoDraw = True
208.3636 	EXP 	task_display: autoDraw = True
208.3636 	EXP 	task_display: text = 'Task session'
209.1626 	EXP 	fixationmain: autoDraw = False
209.1797 	EXP 	text_2: autoDraw = True
210.1858 	DATA 	Keypress: down
210.4625 	EXP 	text_2: autoDraw = False
211.3478 	EXP 	New trial (rep=4, index=3): OrderedDict([('word', 'VÀNG'), ('color', 'RED'), ('congruent', 0), ('corrans', 'up')])
211.3627 	EXP 	text_2: autoDraw = False
211.3627 	EXP 	fixationmain: autoDraw = False
211.3627 	EXP 	task_display: autoDraw = False
211.3627 	EXP 	text_2: color = 'RED (named)'
211.3627 	EXP 	text_2: text = 'VÀNG'
211.3627 	EXP 	task_display: color = 'white (named)'
211.3627 	EXP 	task_display: pos = array([-0.8,  0.8])
211.3627 	EXP 	task_display: text = 'Task session'
211.3627 	EXP 	task_display: font = 'Arial'
211.3627 	EXP 	task_display: height = 0.1
211.3627 	EXP 	fixationmain: autoDraw = True
211.3627 	EXP 	task_display: autoDraw = True
211.3627 	EXP 	task_display: text = 'Task session'
212.1628 	EXP 	fixationmain: autoDraw = False
212.1793 	EXP 	text_2: autoDraw = True
213.2013 	DATA 	Keypress: up
213.4628 	EXP 	text_2: autoDraw = False
214.3476 	EXP 	New trial (rep=4, index=4): OrderedDict([('word', 'ĐỎ'), ('color', 'RED'), ('congruent', 1), ('corrans', 'left')])
214.3627 	EXP 	text_2: autoDraw = False
214.3627 	EXP 	fixationmain: autoDraw = False
214.3627 	EXP 	task_display: autoDraw = False
214.3627 	EXP 	text_2: color = 'RED (named)'
214.3627 	EXP 	text_2: text = 'ĐỎ'
214.3627 	EXP 	task_display: color = 'white (named)'
214.3627 	EXP 	task_display: pos = array([-0.8,  0.8])
214.3627 	EXP 	task_display: text = 'Task session'
214.3627 	EXP 	task_display: font = 'Arial'
214.3627 	EXP 	task_display: height = 0.1
214.3627 	EXP 	fixationmain: autoDraw = True
214.3627 	EXP 	task_display: autoDraw = True
214.3627 	EXP 	task_display: text = 'Task session'
215.1628 	EXP 	fixationmain: autoDraw = False
215.1798 	EXP 	text_2: autoDraw = True
216.4631 	EXP 	text_2: autoDraw = False
216.5178 	DATA 	Keypress: left
217.3489 	EXP 	New trial (rep=5, index=0): OrderedDict([('word', 'XANH DƯƠNG'), ('color', 'GREEN'), ('congruent', 1), ('corrans', 'down')])
217.3656 	EXP 	text_2: autoDraw = False
217.3656 	EXP 	fixationmain: autoDraw = False
217.3656 	EXP 	task_display: autoDraw = False
217.3656 	EXP 	text_2: color = 'GREEN (named)'
217.3656 	EXP 	text_2: text = 'XANH DƯƠNG'
217.3656 	EXP 	task_display: color = 'white (named)'
217.3656 	EXP 	task_display: pos = array([-0.8,  0.8])
217.3656 	EXP 	task_display: text = 'Task session'
217.3656 	EXP 	task_display: font = 'Arial'
217.3656 	EXP 	task_display: height = 0.1
217.3656 	EXP 	fixationmain: autoDraw = True
217.3656 	EXP 	task_display: autoDraw = True
217.3656 	EXP 	task_display: text = 'Task session'
218.1627 	EXP 	fixationmain: autoDraw = False
218.1793 	EXP 	text_2: autoDraw = True
218.8340 	DATA 	Keypress: right
219.4627 	EXP 	text_2: autoDraw = False
219.5842 	DATA 	Keypress: down
220.3477 	EXP 	New trial (rep=5, index=1): OrderedDict([('word', 'XANH LÁ'), ('color', 'BLUE'), ('congruent', 1), ('corrans', 'right')])
220.3630 	EXP 	text_2: autoDraw = False
220.3630 	EXP 	fixationmain: autoDraw = False
220.3630 	EXP 	task_display: autoDraw = False
220.3630 	EXP 	text_2: color = 'BLUE (named)'
220.3630 	EXP 	text_2: text = 'XANH LÁ'
220.3630 	EXP 	task_display: color = 'white (named)'
220.3630 	EXP 	task_display: pos = array([-0.8,  0.8])
220.3630 	EXP 	task_display: text = 'Task session'
220.3630 	EXP 	task_display: font = 'Arial'
220.3630 	EXP 	task_display: height = 0.1
220.3630 	EXP 	fixationmain: autoDraw = True
220.3630 	EXP 	task_display: autoDraw = True
220.3630 	EXP 	task_display: text = 'Task session'
221.1627 	EXP 	fixationmain: autoDraw = False
221.1792 	EXP 	text_2: autoDraw = True
222.2019 	DATA 	Keypress: right
222.4626 	EXP 	text_2: autoDraw = False
223.3477 	EXP 	New trial (rep=5, index=2): OrderedDict([('word', 'ĐỎ'), ('color', 'YELLOW'), ('congruent', 0), ('corrans', 'left')])
223.3627 	EXP 	text_2: autoDraw = False
223.3627 	EXP 	fixationmain: autoDraw = False
223.3627 	EXP 	task_display: autoDraw = False
223.3627 	EXP 	text_2: color = 'YELLOW (named)'
223.3627 	EXP 	text_2: text = 'ĐỎ'
223.3627 	EXP 	task_display: color = 'white (named)'
223.3627 	EXP 	task_display: pos = array([-0.8,  0.8])
223.3627 	EXP 	task_display: text = 'Task session'
223.3627 	EXP 	task_display: font = 'Arial'
223.3627 	EXP 	task_display: height = 0.1
223.3627 	EXP 	fixationmain: autoDraw = True
223.3627 	EXP 	task_display: autoDraw = True
223.3627 	EXP 	task_display: text = 'Task session'
224.1627 	EXP 	fixationmain: autoDraw = False
224.1793 	EXP 	text_2: autoDraw = True
225.0513 	DATA 	Keypress: up
225.4626 	EXP 	text_2: autoDraw = False
226.3473 	EXP 	New trial (rep=5, index=3): OrderedDict([('word', 'VÀNG'), ('color', 'RED'), ('congruent', 0), ('corrans', 'up')])
226.3627 	EXP 	text_2: autoDraw = False
226.3627 	EXP 	fixationmain: autoDraw = False
226.3627 	EXP 	task_display: autoDraw = False
226.3627 	EXP 	text_2: color = 'RED (named)'
226.3627 	EXP 	text_2: text = 'VÀNG'
226.3627 	EXP 	task_display: color = 'white (named)'
226.3627 	EXP 	task_display: pos = array([-0.8,  0.8])
226.3627 	EXP 	task_display: text = 'Task session'
226.3627 	EXP 	task_display: font = 'Arial'
226.3627 	EXP 	task_display: height = 0.1
226.3627 	EXP 	fixationmain: autoDraw = True
226.3627 	EXP 	task_display: autoDraw = True
226.3627 	EXP 	task_display: text = 'Task session'
227.1634 	EXP 	fixationmain: autoDraw = False
227.1799 	EXP 	text_2: autoDraw = True
228.2014 	DATA 	Keypress: left
228.4627 	EXP 	text_2: autoDraw = False
229.3477 	EXP 	New trial (rep=5, index=4): OrderedDict([('word', 'ĐỎ'), ('color', 'RED'), ('congruent', 1), ('corrans', 'left')])
229.3630 	EXP 	text_2: autoDraw = False
229.3630 	EXP 	fixationmain: autoDraw = False
229.3630 	EXP 	task_display: autoDraw = False
229.3630 	EXP 	text_2: color = 'RED (named)'
229.3630 	EXP 	text_2: text = 'ĐỎ'
229.3630 	EXP 	task_display: color = 'white (named)'
229.3630 	EXP 	task_display: pos = array([-0.8,  0.8])
229.3630 	EXP 	task_display: text = 'Task session'
229.3630 	EXP 	task_display: font = 'Arial'
229.3630 	EXP 	task_display: height = 0.1
229.3630 	EXP 	fixationmain: autoDraw = True
229.3630 	EXP 	task_display: autoDraw = True
229.3630 	EXP 	task_display: text = 'Task session'
230.1626 	EXP 	fixationmain: autoDraw = False
230.1796 	EXP 	text_2: autoDraw = True
231.0512 	DATA 	Keypress: left
231.4627 	EXP 	text_2: autoDraw = False
232.3629 	EXP 	text_2: autoDraw = False
232.3629 	EXP 	fixationmain: autoDraw = False
232.3629 	EXP 	task_display: autoDraw = False
232.3629 	EXP 	rest_text: text = '+'
232.3629 	EXP 	rest_display: color = 'white (named)'
232.3629 	EXP 	rest_display: pos = array([-0.8,  0.8])
232.3629 	EXP 	rest_display: text = 'Rest Session'
232.3629 	EXP 	rest_display: font = 'Arial'
232.3629 	EXP 	rest_display: height = 0.1
232.3629 	EXP 	rest_text: autoDraw = True
232.3629 	EXP 	rest_display: autoDraw = True
232.3629 	EXP 	rest_display: text = 'Rest Session'
262.3537 	EXP 	Imported Stroopmain-short-conventional-5eventx3.xlsx as conditions, 5 conditions, 4 params
262.3542 	EXP 	Created sequence: random, trialTypes=5, nReps=6, seed=None
262.3545 	EXP 	New trial (rep=0, index=0): OrderedDict([('word', 'XANH LÁ'), ('color', 'RED'), ('congruent', 0), ('corrans', 'right')])
262.3690 	EXP 	rest_text: autoDraw = False
262.3690 	EXP 	rest_display: autoDraw = False
262.3690 	EXP 	text_2: color = 'RED (named)'
262.3690 	EXP 	text_2: text = 'XANH LÁ'
262.3690 	EXP 	task_display: color = 'white (named)'
262.3690 	EXP 	task_display: pos = array([-0.8,  0.8])
262.3690 	EXP 	task_display: text = 'Task session'
262.3690 	EXP 	task_display: font = 'Arial'
262.3690 	EXP 	task_display: height = 0.1
262.3690 	EXP 	fixationmain: autoDraw = True
262.3690 	EXP 	task_display: autoDraw = True
262.3690 	EXP 	task_display: text = 'Task session'
263.1627 	EXP 	fixationmain: autoDraw = False
263.1798 	EXP 	text_2: autoDraw = True
264.2675 	DATA 	Keypress: right
264.4629 	EXP 	text_2: autoDraw = False
265.3484 	EXP 	New trial (rep=0, index=1): OrderedDict([('word', 'ĐỎ'), ('color', 'RED'), ('congruent', 1), ('corrans', 'left')])
265.3627 	EXP 	text_2: autoDraw = False
265.3627 	EXP 	fixationmain: autoDraw = False
265.3627 	EXP 	task_display: autoDraw = False
265.3627 	EXP 	text_2: color = 'RED (named)'
265.3627 	EXP 	text_2: text = 'ĐỎ'
265.3627 	EXP 	task_display: color = 'white (named)'
265.3627 	EXP 	task_display: pos = array([-0.8,  0.8])
265.3627 	EXP 	task_display: text = 'Task session'
265.3627 	EXP 	task_display: font = 'Arial'
265.3627 	EXP 	task_display: height = 0.1
265.3627 	EXP 	fixationmain: autoDraw = True
265.3627 	EXP 	task_display: autoDraw = True
265.3627 	EXP 	task_display: text = 'Task session'
266.1628 	EXP 	fixationmain: autoDraw = False
266.1795 	EXP 	text_2: autoDraw = True
266.7507 	DATA 	Keypress: left
267.4628 	EXP 	text_2: autoDraw = False
268.3473 	EXP 	New trial (rep=0, index=2): OrderedDict([('word', 'VÀNG'), ('color', 'YELLOW'), ('congruent', 1), ('corrans', 'up')])
268.3627 	EXP 	text_2: autoDraw = False
268.3627 	EXP 	fixationmain: autoDraw = False
268.3627 	EXP 	task_display: autoDraw = False
268.3627 	EXP 	text_2: color = 'YELLOW (named)'
268.3627 	EXP 	text_2: text = 'VÀNG'
268.3627 	EXP 	task_display: color = 'white (named)'
268.3627 	EXP 	task_display: pos = array([-0.8,  0.8])
268.3627 	EXP 	task_display: text = 'Task session'
268.3627 	EXP 	task_display: font = 'Arial'
268.3627 	EXP 	task_display: height = 0.1
268.3627 	EXP 	fixationmain: autoDraw = True
268.3627 	EXP 	task_display: autoDraw = True
268.3627 	EXP 	task_display: text = 'Task session'
269.1628 	EXP 	fixationmain: autoDraw = False
269.1793 	EXP 	text_2: autoDraw = True
269.8350 	DATA 	Keypress: up
270.4629 	EXP 	text_2: autoDraw = False
271.3477 	EXP 	New trial (rep=0, index=3): OrderedDict([('word', 'XANH DƯƠNG'), ('color', 'BLUE'), ('congruent', 0), ('corrans', 'right')])
271.3635 	EXP 	text_2: autoDraw = False
271.3635 	EXP 	fixationmain: autoDraw = False
271.3635 	EXP 	task_display: autoDraw = False
271.3635 	EXP 	text_2: color = 'BLUE (named)'
271.3635 	EXP 	text_2: text = 'XANH DƯƠNG'
271.3635 	EXP 	task_display: color = 'white (named)'
271.3635 	EXP 	task_display: pos = array([-0.8,  0.8])
271.3635 	EXP 	task_display: text = 'Task session'
271.3635 	EXP 	task_display: font = 'Arial'
271.3635 	EXP 	task_display: height = 0.1
271.3635 	EXP 	fixationmain: autoDraw = True
271.3635 	EXP 	task_display: autoDraw = True
271.3635 	EXP 	task_display: text = 'Task session'
272.1628 	EXP 	fixationmain: autoDraw = False
272.1797 	EXP 	text_2: autoDraw = True
273.0013 	DATA 	Keypress: down
273.4633 	EXP 	text_2: autoDraw = False
274.3475 	EXP 	New trial (rep=0, index=4): OrderedDict([('word', 'ĐỎ'), ('color', 'RED'), ('congruent', 1), ('corrans', 'left')])
274.3628 	EXP 	text_2: autoDraw = False
274.3628 	EXP 	fixationmain: autoDraw = False
274.3628 	EXP 	task_display: autoDraw = False
274.3628 	EXP 	text_2: color = 'RED (named)'
274.3628 	EXP 	text_2: text = 'ĐỎ'
274.3628 	EXP 	task_display: color = 'white (named)'
274.3628 	EXP 	task_display: pos = array([-0.8,  0.8])
274.3628 	EXP 	task_display: text = 'Task session'
274.3628 	EXP 	task_display: font = 'Arial'
274.3628 	EXP 	task_display: height = 0.1
274.3628 	EXP 	fixationmain: autoDraw = True
274.3628 	EXP 	task_display: autoDraw = True
274.3628 	EXP 	task_display: text = 'Task session'
275.1626 	EXP 	fixationmain: autoDraw = False
275.1794 	EXP 	text_2: autoDraw = True
275.7351 	DATA 	Keypress: left
276.4628 	EXP 	text_2: autoDraw = False
277.3478 	EXP 	New trial (rep=1, index=0): OrderedDict([('word', 'ĐỎ'), ('color', 'RED'), ('congruent', 1), ('corrans', 'left')])
277.3627 	EXP 	text_2: autoDraw = False
277.3627 	EXP 	fixationmain: autoDraw = False
277.3627 	EXP 	task_display: autoDraw = False
277.3627 	EXP 	text_2: color = 'RED (named)'
277.3627 	EXP 	text_2: text = 'ĐỎ'
277.3627 	EXP 	task_display: color = 'white (named)'
277.3627 	EXP 	task_display: pos = array([-0.8,  0.8])
277.3627 	EXP 	task_display: text = 'Task session'
277.3627 	EXP 	task_display: font = 'Arial'
277.3627 	EXP 	task_display: height = 0.1
277.3627 	EXP 	fixationmain: autoDraw = True
277.3627 	EXP 	task_display: autoDraw = True
277.3627 	EXP 	task_display: text = 'Task session'
278.1631 	EXP 	fixationmain: autoDraw = False
278.1797 	EXP 	text_2: autoDraw = True
278.6852 	DATA 	Keypress: left
279.4631 	EXP 	text_2: autoDraw = False
280.3481 	EXP 	New trial (rep=1, index=1): OrderedDict([('word', 'VÀNG'), ('color', 'YELLOW'), ('congruent', 1), ('corrans', 'up')])
280.3633 	EXP 	text_2: autoDraw = False
280.3633 	EXP 	fixationmain: autoDraw = False
280.3633 	EXP 	task_display: autoDraw = False
280.3633 	EXP 	text_2: color = 'YELLOW (named)'
280.3633 	EXP 	text_2: text = 'VÀNG'
280.3633 	EXP 	task_display: color = 'white (named)'
280.3633 	EXP 	task_display: pos = array([-0.8,  0.8])
280.3633 	EXP 	task_display: text = 'Task session'
280.3633 	EXP 	task_display: font = 'Arial'
280.3633 	EXP 	task_display: height = 0.1
280.3633 	EXP 	fixationmain: autoDraw = True
280.3633 	EXP 	task_display: autoDraw = True
280.3633 	EXP 	task_display: text = 'Task session'
281.1630 	EXP 	fixationmain: autoDraw = False
281.1793 	EXP 	text_2: autoDraw = True
282.2344 	DATA 	Keypress: up
282.4632 	EXP 	text_2: autoDraw = False
283.3479 	EXP 	New trial (rep=1, index=2): OrderedDict([('word', 'XANH DƯƠNG'), ('color', 'BLUE'), ('congruent', 0), ('corrans', 'right')])
283.3647 	EXP 	text_2: autoDraw = False
283.3647 	EXP 	fixationmain: autoDraw = False
283.3647 	EXP 	task_display: autoDraw = False
283.3647 	EXP 	text_2: color = 'BLUE (named)'
283.3647 	EXP 	text_2: text = 'XANH DƯƠNG'
283.3647 	EXP 	task_display: color = 'white (named)'
283.3647 	EXP 	task_display: pos = array([-0.8,  0.8])
283.3647 	EXP 	task_display: text = 'Task session'
283.3647 	EXP 	task_display: font = 'Arial'
283.3647 	EXP 	task_display: height = 0.1
283.3647 	EXP 	fixationmain: autoDraw = True
283.3647 	EXP 	task_display: autoDraw = True
283.3647 	EXP 	task_display: text = 'Task session'
284.1629 	EXP 	fixationmain: autoDraw = False
284.1795 	EXP 	text_2: autoDraw = True
285.1018 	DATA 	Keypress: down
285.4627 	EXP 	text_2: autoDraw = False
286.3475 	EXP 	New trial (rep=1, index=3): OrderedDict([('word', 'XANH LÁ'), ('color', 'RED'), ('congruent', 0), ('corrans', 'right')])
286.3631 	EXP 	text_2: autoDraw = False
286.3631 	EXP 	fixationmain: autoDraw = False
286.3631 	EXP 	task_display: autoDraw = False
286.3631 	EXP 	text_2: color = 'RED (named)'
286.3631 	EXP 	text_2: text = 'XANH LÁ'
286.3631 	EXP 	task_display: color = 'white (named)'
286.3631 	EXP 	task_display: pos = array([-0.8,  0.8])
286.3631 	EXP 	task_display: text = 'Task session'
286.3631 	EXP 	task_display: font = 'Arial'
286.3631 	EXP 	task_display: height = 0.1
286.3631 	EXP 	fixationmain: autoDraw = True
286.3631 	EXP 	task_display: autoDraw = True
286.3631 	EXP 	task_display: text = 'Task session'
287.1628 	EXP 	fixationmain: autoDraw = False
287.1794 	EXP 	text_2: autoDraw = True
288.0015 	DATA 	Keypress: right
288.4629 	EXP 	text_2: autoDraw = False
289.3478 	EXP 	New trial (rep=1, index=4): OrderedDict([('word', 'ĐỎ'), ('color', 'RED'), ('congruent', 1), ('corrans', 'left')])
289.3632 	EXP 	text_2: autoDraw = False
289.3632 	EXP 	fixationmain: autoDraw = False
289.3632 	EXP 	task_display: autoDraw = False
289.3632 	EXP 	text_2: color = 'RED (named)'
289.3632 	EXP 	text_2: text = 'ĐỎ'
289.3632 	EXP 	task_display: color = 'white (named)'
289.3632 	EXP 	task_display: pos = array([-0.8,  0.8])
289.3632 	EXP 	task_display: text = 'Task session'
289.3632 	EXP 	task_display: font = 'Arial'
289.3632 	EXP 	task_display: height = 0.1
289.3632 	EXP 	fixationmain: autoDraw = True
289.3632 	EXP 	task_display: autoDraw = True
289.3632 	EXP 	task_display: text = 'Task session'
290.1629 	EXP 	fixationmain: autoDraw = False
290.1795 	EXP 	text_2: autoDraw = True
290.7852 	DATA 	Keypress: left
291.4632 	EXP 	text_2: autoDraw = False
292.3480 	EXP 	New trial (rep=2, index=0): OrderedDict([('word', 'VÀNG'), ('color', 'YELLOW'), ('congruent', 1), ('corrans', 'up')])
292.3628 	EXP 	text_2: autoDraw = False
292.3628 	EXP 	fixationmain: autoDraw = False
292.3628 	EXP 	task_display: autoDraw = False
292.3628 	EXP 	text_2: color = 'YELLOW (named)'
292.3628 	EXP 	text_2: text = 'VÀNG'
292.3628 	EXP 	task_display: color = 'white (named)'
292.3628 	EXP 	task_display: pos = array([-0.8,  0.8])
292.3628 	EXP 	task_display: text = 'Task session'
292.3628 	EXP 	task_display: font = 'Arial'
292.3628 	EXP 	task_display: height = 0.1
292.3628 	EXP 	fixationmain: autoDraw = True
292.3628 	EXP 	task_display: autoDraw = True
292.3628 	EXP 	task_display: text = 'Task session'
293.1628 	EXP 	fixationmain: autoDraw = False
293.1799 	EXP 	text_2: autoDraw = True
293.8180 	DATA 	Keypress: up
294.4630 	EXP 	text_2: autoDraw = False
295.3478 	EXP 	New trial (rep=2, index=1): OrderedDict([('word', 'XANH DƯƠNG'), ('color', 'BLUE'), ('congruent', 0), ('corrans', 'right')])
295.3640 	EXP 	text_2: autoDraw = False
295.3640 	EXP 	fixationmain: autoDraw = False
295.3640 	EXP 	task_display: autoDraw = False
295.3640 	EXP 	text_2: color = 'BLUE (named)'
295.3640 	EXP 	text_2: text = 'XANH DƯƠNG'
295.3640 	EXP 	task_display: color = 'white (named)'
295.3640 	EXP 	task_display: pos = array([-0.8,  0.8])
295.3640 	EXP 	task_display: text = 'Task session'
295.3640 	EXP 	task_display: font = 'Arial'
295.3640 	EXP 	task_display: height = 0.1
295.3640 	EXP 	fixationmain: autoDraw = True
295.3640 	EXP 	task_display: autoDraw = True
295.3640 	EXP 	task_display: text = 'Task session'
296.1628 	EXP 	fixationmain: autoDraw = False
296.1794 	EXP 	text_2: autoDraw = True
297.2677 	DATA 	Keypress: down
297.4628 	EXP 	text_2: autoDraw = False
298.3477 	EXP 	New trial (rep=2, index=2): OrderedDict([('word', 'ĐỎ'), ('color', 'RED'), ('congruent', 1), ('corrans', 'left')])
298.3630 	EXP 	text_2: autoDraw = False
298.3630 	EXP 	fixationmain: autoDraw = False
298.3630 	EXP 	task_display: autoDraw = False
298.3630 	EXP 	text_2: color = 'RED (named)'
298.3630 	EXP 	text_2: text = 'ĐỎ'
298.3630 	EXP 	task_display: color = 'white (named)'
298.3630 	EXP 	task_display: pos = array([-0.8,  0.8])
298.3630 	EXP 	task_display: text = 'Task session'
298.3630 	EXP 	task_display: font = 'Arial'
298.3630 	EXP 	task_display: height = 0.1
298.3630 	EXP 	fixationmain: autoDraw = True
298.3630 	EXP 	task_display: autoDraw = True
298.3630 	EXP 	task_display: text = 'Task session'
299.1627 	EXP 	fixationmain: autoDraw = False
299.1792 	EXP 	text_2: autoDraw = True
299.7015 	DATA 	Keypress: left
300.4629 	EXP 	text_2: autoDraw = False
301.3480 	EXP 	New trial (rep=2, index=3): OrderedDict([('word', 'XANH LÁ'), ('color', 'RED'), ('congruent', 0), ('corrans', 'right')])
301.3637 	EXP 	text_2: autoDraw = False
301.3637 	EXP 	fixationmain: autoDraw = False
301.3637 	EXP 	task_display: autoDraw = False
301.3637 	EXP 	text_2: color = 'RED (named)'
301.3637 	EXP 	text_2: text = 'XANH LÁ'
301.3637 	EXP 	task_display: color = 'white (named)'
301.3637 	EXP 	task_display: pos = array([-0.8,  0.8])
301.3637 	EXP 	task_display: text = 'Task session'
301.3637 	EXP 	task_display: font = 'Arial'
301.3637 	EXP 	task_display: height = 0.1
301.3637 	EXP 	fixationmain: autoDraw = True
301.3637 	EXP 	task_display: autoDraw = True
301.3637 	EXP 	task_display: text = 'Task session'
302.1629 	EXP 	fixationmain: autoDraw = False
302.1804 	EXP 	text_2: autoDraw = True
303.4634 	EXP 	text_2: autoDraw = False
303.5844 	DATA 	Keypress: left
304.3475 	EXP 	New trial (rep=2, index=4): OrderedDict([('word', 'ĐỎ'), ('color', 'RED'), ('congruent', 1), ('corrans', 'left')])
304.3628 	EXP 	text_2: autoDraw = False
304.3628 	EXP 	fixationmain: autoDraw = False
304.3628 	EXP 	task_display: autoDraw = False
304.3628 	EXP 	text_2: color = 'RED (named)'
304.3628 	EXP 	text_2: text = 'ĐỎ'
304.3628 	EXP 	task_display: color = 'white (named)'
304.3628 	EXP 	task_display: pos = array([-0.8,  0.8])
304.3628 	EXP 	task_display: text = 'Task session'
304.3628 	EXP 	task_display: font = 'Arial'
304.3628 	EXP 	task_display: height = 0.1
304.3628 	EXP 	fixationmain: autoDraw = True
304.3628 	EXP 	task_display: autoDraw = True
304.3628 	EXP 	task_display: text = 'Task session'
305.1627 	EXP 	fixationmain: autoDraw = False
305.1794 	EXP 	text_2: autoDraw = True
305.7349 	DATA 	Keypress: left
306.4634 	EXP 	text_2: autoDraw = False
307.3477 	EXP 	New trial (rep=3, index=0): OrderedDict([('word', 'ĐỎ'), ('color', 'RED'), ('congruent', 1), ('corrans', 'left')])
307.3631 	EXP 	text_2: autoDraw = False
307.3631 	EXP 	fixationmain: autoDraw = False
307.3631 	EXP 	task_display: autoDraw = False
307.3631 	EXP 	text_2: color = 'RED (named)'
307.3631 	EXP 	text_2: text = 'ĐỎ'
307.3631 	EXP 	task_display: color = 'white (named)'
307.3631 	EXP 	task_display: pos = array([-0.8,  0.8])
307.3631 	EXP 	task_display: text = 'Task session'
307.3631 	EXP 	task_display: font = 'Arial'
307.3631 	EXP 	task_display: height = 0.1
307.3631 	EXP 	fixationmain: autoDraw = True
307.3631 	EXP 	task_display: autoDraw = True
307.3631 	EXP 	task_display: text = 'Task session'
308.1627 	EXP 	fixationmain: autoDraw = False
308.1794 	EXP 	text_2: autoDraw = True
308.6512 	DATA 	Keypress: left
309.4633 	EXP 	text_2: autoDraw = False
310.3475 	EXP 	New trial (rep=3, index=1): OrderedDict([('word', 'ĐỎ'), ('color', 'RED'), ('congruent', 1), ('corrans', 'left')])
310.3628 	EXP 	text_2: autoDraw = False
310.3628 	EXP 	fixationmain: autoDraw = False
310.3628 	EXP 	task_display: autoDraw = False
310.3628 	EXP 	text_2: color = 'RED (named)'
310.3628 	EXP 	text_2: text = 'ĐỎ'
310.3628 	EXP 	task_display: color = 'white (named)'
310.3628 	EXP 	task_display: pos = array([-0.8,  0.8])
310.3628 	EXP 	task_display: text = 'Task session'
310.3628 	EXP 	task_display: font = 'Arial'
310.3628 	EXP 	task_display: height = 0.1
310.3628 	EXP 	fixationmain: autoDraw = True
310.3628 	EXP 	task_display: autoDraw = True
310.3628 	EXP 	task_display: text = 'Task session'
311.1632 	EXP 	fixationmain: autoDraw = False
311.1797 	EXP 	text_2: autoDraw = True
311.6182 	DATA 	Keypress: left
312.4630 	EXP 	text_2: autoDraw = False
313.3477 	EXP 	New trial (rep=3, index=2): OrderedDict([('word', 'XANH DƯƠNG'), ('color', 'BLUE'), ('congruent', 0), ('corrans', 'right')])
313.3643 	EXP 	text_2: autoDraw = False
313.3643 	EXP 	fixationmain: autoDraw = False
313.3643 	EXP 	task_display: autoDraw = False
313.3643 	EXP 	text_2: color = 'BLUE (named)'
313.3643 	EXP 	text_2: text = 'XANH DƯƠNG'
313.3643 	EXP 	task_display: color = 'white (named)'
313.3643 	EXP 	task_display: pos = array([-0.8,  0.8])
313.3643 	EXP 	task_display: text = 'Task session'
313.3643 	EXP 	task_display: font = 'Arial'
313.3643 	EXP 	task_display: height = 0.1
313.3643 	EXP 	fixationmain: autoDraw = True
313.3643 	EXP 	task_display: autoDraw = True
313.3643 	EXP 	task_display: text = 'Task session'
314.1628 	EXP 	fixationmain: autoDraw = False
314.1805 	EXP 	text_2: autoDraw = True
314.9845 	DATA 	Keypress: down
315.4632 	EXP 	text_2: autoDraw = False
316.3480 	EXP 	New trial (rep=3, index=3): OrderedDict([('word', 'VÀNG'), ('color', 'YELLOW'), ('congruent', 1), ('corrans', 'up')])
316.3632 	EXP 	text_2: autoDraw = False
316.3632 	EXP 	fixationmain: autoDraw = False
316.3632 	EXP 	task_display: autoDraw = False
316.3632 	EXP 	text_2: color = 'YELLOW (named)'
316.3632 	EXP 	text_2: text = 'VÀNG'
316.3632 	EXP 	task_display: color = 'white (named)'
316.3632 	EXP 	task_display: pos = array([-0.8,  0.8])
316.3632 	EXP 	task_display: text = 'Task session'
316.3632 	EXP 	task_display: font = 'Arial'
316.3632 	EXP 	task_display: height = 0.1
316.3632 	EXP 	fixationmain: autoDraw = True
316.3632 	EXP 	task_display: autoDraw = True
316.3632 	EXP 	task_display: text = 'Task session'
317.1627 	EXP 	fixationmain: autoDraw = False
317.1794 	EXP 	text_2: autoDraw = True
318.3346 	DATA 	Keypress: right
318.4628 	EXP 	text_2: autoDraw = False
319.3480 	EXP 	New trial (rep=3, index=4): OrderedDict([('word', 'XANH LÁ'), ('color', 'RED'), ('congruent', 0), ('corrans', 'right')])
319.3631 	EXP 	text_2: autoDraw = False
319.3631 	EXP 	fixationmain: autoDraw = False
319.3631 	EXP 	task_display: autoDraw = False
319.3631 	EXP 	text_2: color = 'RED (named)'
319.3631 	EXP 	text_2: text = 'XANH LÁ'
319.3631 	EXP 	task_display: color = 'white (named)'
319.3631 	EXP 	task_display: pos = array([-0.8,  0.8])
319.3631 	EXP 	task_display: text = 'Task session'
319.3631 	EXP 	task_display: font = 'Arial'
319.3631 	EXP 	task_display: height = 0.1
319.3631 	EXP 	fixationmain: autoDraw = True
319.3631 	EXP 	task_display: autoDraw = True
319.3631 	EXP 	task_display: text = 'Task session'
320.1630 	EXP 	fixationmain: autoDraw = False
320.1795 	EXP 	text_2: autoDraw = True
321.3701 	DATA 	Keypress: left
321.4632 	EXP 	text_2: autoDraw = False
322.3479 	EXP 	New trial (rep=4, index=0): OrderedDict([('word', 'ĐỎ'), ('color', 'RED'), ('congruent', 1), ('corrans', 'left')])
322.3631 	EXP 	text_2: autoDraw = False
322.3631 	EXP 	fixationmain: autoDraw = False
322.3631 	EXP 	task_display: autoDraw = False
322.3631 	EXP 	text_2: color = 'RED (named)'
322.3631 	EXP 	text_2: text = 'ĐỎ'
322.3631 	EXP 	task_display: color = 'white (named)'
322.3631 	EXP 	task_display: pos = array([-0.8,  0.8])
322.3631 	EXP 	task_display: text = 'Task session'
322.3631 	EXP 	task_display: font = 'Arial'
322.3631 	EXP 	task_display: height = 0.1
322.3631 	EXP 	fixationmain: autoDraw = True
322.3631 	EXP 	task_display: autoDraw = True
322.3631 	EXP 	task_display: text = 'Task session'
323.1627 	EXP 	fixationmain: autoDraw = False
323.1797 	EXP 	text_2: autoDraw = True
323.6672 	DATA 	Keypress: left
324.4631 	EXP 	text_2: autoDraw = False
325.3478 	EXP 	New trial (rep=4, index=1): OrderedDict([('word', 'ĐỎ'), ('color', 'RED'), ('congruent', 1), ('corrans', 'left')])
325.3629 	EXP 	text_2: autoDraw = False
325.3629 	EXP 	fixationmain: autoDraw = False
325.3629 	EXP 	task_display: autoDraw = False
325.3629 	EXP 	text_2: color = 'RED (named)'
325.3629 	EXP 	text_2: text = 'ĐỎ'
325.3629 	EXP 	task_display: color = 'white (named)'
325.3629 	EXP 	task_display: pos = array([-0.8,  0.8])
325.3629 	EXP 	task_display: text = 'Task session'
325.3629 	EXP 	task_display: font = 'Arial'
325.3629 	EXP 	task_display: height = 0.1
325.3629 	EXP 	fixationmain: autoDraw = True
325.3629 	EXP 	task_display: autoDraw = True
325.3629 	EXP 	task_display: text = 'Task session'
326.1629 	EXP 	fixationmain: autoDraw = False
326.1808 	EXP 	text_2: autoDraw = True
326.5685 	DATA 	Keypress: left
327.4629 	EXP 	text_2: autoDraw = False
328.3478 	EXP 	New trial (rep=4, index=2): OrderedDict([('word', 'XANH LÁ'), ('color', 'RED'), ('congruent', 0), ('corrans', 'right')])
328.3631 	EXP 	text_2: autoDraw = False
328.3631 	EXP 	fixationmain: autoDraw = False
328.3631 	EXP 	task_display: autoDraw = False
328.3631 	EXP 	text_2: color = 'RED (named)'
328.3631 	EXP 	text_2: text = 'XANH LÁ'
328.3631 	EXP 	task_display: color = 'white (named)'
328.3631 	EXP 	task_display: pos = array([-0.8,  0.8])
328.3631 	EXP 	task_display: text = 'Task session'
328.3631 	EXP 	task_display: font = 'Arial'
328.3631 	EXP 	task_display: height = 0.1
328.3631 	EXP 	fixationmain: autoDraw = True
328.3631 	EXP 	task_display: autoDraw = True
328.3631 	EXP 	task_display: text = 'Task session'
329.1629 	EXP 	fixationmain: autoDraw = False
329.1794 	EXP 	text_2: autoDraw = True
329.6196 	DATA 	Keypress: left
330.4628 	EXP 	text_2: autoDraw = False
331.3477 	EXP 	New trial (rep=4, index=3): OrderedDict([('word', 'VÀNG'), ('color', 'YELLOW'), ('congruent', 1), ('corrans', 'up')])
331.3631 	EXP 	text_2: autoDraw = False
331.3631 	EXP 	fixationmain: autoDraw = False
331.3631 	EXP 	task_display: autoDraw = False
331.3631 	EXP 	text_2: color = 'YELLOW (named)'
331.3631 	EXP 	text_2: text = 'VÀNG'
331.3631 	EXP 	task_display: color = 'white (named)'
331.3631 	EXP 	task_display: pos = array([-0.8,  0.8])
331.3631 	EXP 	task_display: text = 'Task session'
331.3631 	EXP 	task_display: font = 'Arial'
331.3631 	EXP 	task_display: height = 0.1
331.3631 	EXP 	fixationmain: autoDraw = True
331.3631 	EXP 	task_display: autoDraw = True
331.3631 	EXP 	task_display: text = 'Task session'
332.1630 	EXP 	fixationmain: autoDraw = False
332.1792 	EXP 	text_2: autoDraw = True
333.1515 	DATA 	Keypress: up
333.4630 	EXP 	text_2: autoDraw = False
334.3475 	EXP 	New trial (rep=4, index=4): OrderedDict([('word', 'XANH DƯƠNG'), ('color', 'BLUE'), ('congruent', 0), ('corrans', 'right')])
334.3638 	EXP 	text_2: autoDraw = False
334.3638 	EXP 	fixationmain: autoDraw = False
334.3638 	EXP 	task_display: autoDraw = False
334.3638 	EXP 	text_2: color = 'BLUE (named)'
334.3638 	EXP 	text_2: text = 'XANH DƯƠNG'
334.3638 	EXP 	task_display: color = 'white (named)'
334.3638 	EXP 	task_display: pos = array([-0.8,  0.8])
334.3638 	EXP 	task_display: text = 'Task session'
334.3638 	EXP 	task_display: font = 'Arial'
334.3638 	EXP 	task_display: height = 0.1
334.3638 	EXP 	fixationmain: autoDraw = True
334.3638 	EXP 	task_display: autoDraw = True
334.3638 	EXP 	task_display: text = 'Task session'
335.1628 	EXP 	fixationmain: autoDraw = False
335.1795 	EXP 	text_2: autoDraw = True
336.0678 	DATA 	Keypress: down
336.4629 	EXP 	text_2: autoDraw = False
337.3481 	EXP 	New trial (rep=5, index=0): OrderedDict([('word', 'XANH DƯƠNG'), ('color', 'BLUE'), ('congruent', 0), ('corrans', 'right')])
337.3630 	EXP 	text_2: autoDraw = False
337.3630 	EXP 	fixationmain: autoDraw = False
337.3630 	EXP 	task_display: autoDraw = False
337.3630 	EXP 	text_2: color = 'BLUE (named)'
337.3630 	EXP 	text_2: text = 'XANH DƯƠNG'
337.3630 	EXP 	task_display: color = 'white (named)'
337.3630 	EXP 	task_display: pos = array([-0.8,  0.8])
337.3630 	EXP 	task_display: text = 'Task session'
337.3630 	EXP 	task_display: font = 'Arial'
337.3630 	EXP 	task_display: height = 0.1
337.3630 	EXP 	fixationmain: autoDraw = True
337.3630 	EXP 	task_display: autoDraw = True
337.3630 	EXP 	task_display: text = 'Task session'
338.1628 	EXP 	fixationmain: autoDraw = False
338.1796 	EXP 	text_2: autoDraw = True
338.8506 	DATA 	Keypress: down
339.4629 	EXP 	text_2: autoDraw = False
340.3481 	EXP 	New trial (rep=5, index=1): OrderedDict([('word', 'ĐỎ'), ('color', 'RED'), ('congruent', 1), ('corrans', 'left')])
340.3631 	EXP 	text_2: autoDraw = False
340.3631 	EXP 	fixationmain: autoDraw = False
340.3631 	EXP 	task_display: autoDraw = False
340.3631 	EXP 	text_2: color = 'RED (named)'
340.3631 	EXP 	text_2: text = 'ĐỎ'
340.3631 	EXP 	task_display: color = 'white (named)'
340.3631 	EXP 	task_display: pos = array([-0.8,  0.8])
340.3631 	EXP 	task_display: text = 'Task session'
340.3631 	EXP 	task_display: font = 'Arial'
340.3631 	EXP 	task_display: height = 0.1
340.3631 	EXP 	fixationmain: autoDraw = True
340.3631 	EXP 	task_display: autoDraw = True
340.3631 	EXP 	task_display: text = 'Task session'
341.1628 	EXP 	fixationmain: autoDraw = False
341.1798 	EXP 	text_2: autoDraw = True
341.6850 	DATA 	Keypress: left
342.4630 	EXP 	text_2: autoDraw = False
343.3482 	EXP 	New trial (rep=5, index=2): OrderedDict([('word', 'ĐỎ'), ('color', 'RED'), ('congruent', 1), ('corrans', 'left')])
343.3629 	EXP 	text_2: autoDraw = False
343.3629 	EXP 	fixationmain: autoDraw = False
343.3629 	EXP 	task_display: autoDraw = False
343.3629 	EXP 	text_2: color = 'RED (named)'
343.3629 	EXP 	text_2: text = 'ĐỎ'
343.3629 	EXP 	task_display: color = 'white (named)'
343.3629 	EXP 	task_display: pos = array([-0.8,  0.8])
343.3629 	EXP 	task_display: text = 'Task session'
343.3629 	EXP 	task_display: font = 'Arial'
343.3629 	EXP 	task_display: height = 0.1
343.3629 	EXP 	fixationmain: autoDraw = True
343.3629 	EXP 	task_display: autoDraw = True
343.3629 	EXP 	task_display: text = 'Task session'
344.1630 	EXP 	fixationmain: autoDraw = False
344.1797 	EXP 	text_2: autoDraw = True
344.6344 	DATA 	Keypress: left
345.4630 	EXP 	text_2: autoDraw = False
346.3485 	EXP 	New trial (rep=5, index=3): OrderedDict([('word', 'VÀNG'), ('color', 'YELLOW'), ('congruent', 1), ('corrans', 'up')])
346.3637 	EXP 	text_2: autoDraw = False
346.3637 	EXP 	fixationmain: autoDraw = False
346.3637 	EXP 	task_display: autoDraw = False
346.3637 	EXP 	text_2: color = 'YELLOW (named)'
346.3637 	EXP 	text_2: text = 'VÀNG'
346.3637 	EXP 	task_display: color = 'white (named)'
346.3637 	EXP 	task_display: pos = array([-0.8,  0.8])
346.3637 	EXP 	task_display: text = 'Task session'
346.3637 	EXP 	task_display: font = 'Arial'
346.3637 	EXP 	task_display: height = 0.1
346.3637 	EXP 	fixationmain: autoDraw = True
346.3637 	EXP 	task_display: autoDraw = True
346.3637 	EXP 	task_display: text = 'Task session'
347.1629 	EXP 	fixationmain: autoDraw = False
347.1796 	EXP 	text_2: autoDraw = True
348.1183 	DATA 	Keypress: up
348.4628 	EXP 	text_2: autoDraw = False
349.3479 	EXP 	New trial (rep=5, index=4): OrderedDict([('word', 'XANH LÁ'), ('color', 'RED'), ('congruent', 0), ('corrans', 'right')])
349.3632 	EXP 	text_2: autoDraw = False
349.3632 	EXP 	fixationmain: autoDraw = False
349.3632 	EXP 	task_display: autoDraw = False
349.3632 	EXP 	text_2: color = 'RED (named)'
349.3632 	EXP 	text_2: text = 'XANH LÁ'
349.3632 	EXP 	task_display: color = 'white (named)'
349.3632 	EXP 	task_display: pos = array([-0.8,  0.8])
349.3632 	EXP 	task_display: text = 'Task session'
349.3632 	EXP 	task_display: font = 'Arial'
349.3632 	EXP 	task_display: height = 0.1
349.3632 	EXP 	fixationmain: autoDraw = True
349.3632 	EXP 	task_display: autoDraw = True
349.3632 	EXP 	task_display: text = 'Task session'
350.1628 	EXP 	fixationmain: autoDraw = False
350.1794 	EXP 	text_2: autoDraw = True
351.2533 	DATA 	Keypress: left
351.4631 	EXP 	text_2: autoDraw = False
352.3629 	EXP 	text_2: autoDraw = False
352.3629 	EXP 	fixationmain: autoDraw = False
352.3629 	EXP 	task_display: autoDraw = False
352.3629 	EXP 	rest_text: text = '+'
352.3629 	EXP 	rest_display: color = 'white (named)'
352.3629 	EXP 	rest_display: pos = array([-0.8,  0.8])
352.3629 	EXP 	rest_display: text = 'Rest Session'
352.3629 	EXP 	rest_display: font = 'Arial'
352.3629 	EXP 	rest_display: height = 0.1
352.3629 	EXP 	rest_text: autoDraw = True
352.3629 	EXP 	rest_display: autoDraw = True
352.3629 	EXP 	rest_display: text = 'Rest Session'
382.3633 	EXP 	rest_text: autoDraw = False
382.3633 	EXP 	rest_display: autoDraw = False
382.9693 	EXP 	window1: mouseVisible = True
